2025-11-05 21:29:03.391  [background-preinit] INFO  o.h.validator.internal.util.Version - HV000001: Hibernate Validator 8.0.2.Final
2025-11-05 21:29:03.467  [main] INFO  c.example.mainserver.MainApplication - Starting MainApplication using Java 17.0.15 with PID 26208 (C:\project\KUNI_2thecore_backend\back\main-server\build\classes\java\main started by seung in C:\project\KUNI_2thecore_backend)
2025-11-05 21:29:03.468  [main] DEBUG c.example.mainserver.MainApplication - Running with Spring Boot v3.5.3, Spring v6.2.8
2025-11-05 21:29:03.469  [main] INFO  c.example.mainserver.MainApplication - No active profile set, falling back to 1 default profile: "default"
2025-11-05 21:29:06.235  [main] INFO  o.s.d.r.c.RepositoryConfigurationDelegate - Multiple Spring Data modules found, entering strict repository configuration mode
2025-11-05 21:29:06.235  [main] INFO  o.s.d.r.c.RepositoryConfigurationDelegate - Bootstrapping Spring Data JPA repositories in DEFAULT mode.
2025-11-05 21:29:06.446  [main] INFO  o.s.d.r.c.RepositoryConfigurationDelegate - Finished Spring Data repository scanning in 197 ms. Found 5 JPA repository interfaces.
2025-11-05 21:29:06.998  [main] INFO  o.s.d.r.c.RepositoryConfigurationDelegate - Multiple Spring Data modules found, entering strict repository configuration mode
2025-11-05 21:29:06.999  [main] INFO  o.s.d.r.c.RepositoryConfigurationDelegate - Bootstrapping Spring Data Redis repositories in DEFAULT mode.
2025-11-05 21:29:07.032  [main] INFO  o.s.d.r.c.RepositoryConfigurationExtensionSupport - Spring Data Redis - Could not safely identify store assignment for repository candidate interface com.example.mainserver.admin.infrastructure.AdminRepository; If you want this repository to be a Redis repository, consider annotating your entities with one of these annotations: org.springframework.data.redis.core.RedisHash (preferred), or consider extending one of the following types with your repository: org.springframework.data.keyvalue.repository.KeyValueRepository
2025-11-05 21:29:07.032  [main] INFO  o.s.d.r.c.RepositoryConfigurationExtensionSupport - Spring Data Redis - Could not safely identify store assignment for repository candidate interface com.example.mainserver.collector.infrastructure.GpsLogRepository; If you want this repository to be a Redis repository, consider annotating your entities with one of these annotations: org.springframework.data.redis.core.RedisHash (preferred), or consider extending one of the following types with your repository: org.springframework.data.keyvalue.repository.KeyValueRepository
2025-11-05 21:29:07.033  [main] INFO  o.s.d.r.c.RepositoryConfigurationExtensionSupport - Spring Data Redis - Could not safely identify store assignment for repository candidate interface com.example.mainserver.dashboard.infrastructure.DashboardRepository; If you want this repository to be a Redis repository, consider annotating your entities with one of these annotations: org.springframework.data.redis.core.RedisHash (preferred), or consider extending one of the following types with your repository: org.springframework.data.keyvalue.repository.KeyValueRepository
2025-11-05 21:29:07.033  [main] INFO  o.s.d.r.c.RepositoryConfigurationExtensionSupport - Spring Data Redis - Could not safely identify store assignment for repository candidate interface com.example.mainserver.drivelog.domain.DriveLogRepository; If you want this repository to be a Redis repository, consider annotating your entities with one of these annotations: org.springframework.data.redis.core.RedisHash (preferred), or consider extending one of the following types with your repository: org.springframework.data.keyvalue.repository.KeyValueRepository
2025-11-05 21:29:07.033  [main] INFO  o.s.d.r.c.RepositoryConfigurationDelegate - Finished Spring Data repository scanning in 23 ms. Found 0 Redis repository interfaces.
2025-11-05 21:29:07.757  [main] INFO  o.s.b.w.e.tomcat.TomcatWebServer - Tomcat initialized with port 8080 (http)
2025-11-05 21:29:07.771  [main] INFO  o.a.coyote.http11.Http11NioProtocol - Initializing ProtocolHandler ["http-nio-0.0.0.0-8080"]
2025-11-05 21:29:07.772  [main] INFO  o.a.catalina.core.StandardService - Starting service [Tomcat]
2025-11-05 21:29:07.772  [main] INFO  o.a.catalina.core.StandardEngine - Starting Servlet engine: [Apache Tomcat/10.1.42]
2025-11-05 21:29:07.849  [main] INFO  o.a.c.c.C.[Tomcat].[localhost].[/] - Initializing Spring embedded WebApplicationContext
2025-11-05 21:29:07.849  [main] INFO  o.s.b.w.s.c.ServletWebServerApplicationContext - Root WebApplicationContext: initialization completed in 4305 ms
2025-11-05 21:29:08.405  [main] DEBUG c.e.m.a.i.JwtAuthenticationFilter - Filter 'jwtAuthenticationFilter' configured for use
2025-11-05 21:29:08.529  [main] INFO  o.h.jpa.internal.util.LogHelper - HHH000204: Processing PersistenceUnitInfo [name: default]
2025-11-05 21:29:08.610  [main] INFO  org.hibernate.Version - HHH000412: Hibernate ORM core version 6.6.18.Final
2025-11-05 21:29:08.675  [main] INFO  o.h.c.i.RegionFactoryInitiator - HHH000026: Second-level cache disabled
2025-11-05 21:29:09.038  [main] INFO  o.s.o.j.p.SpringPersistenceUnitInfo - No LoadTimeWeaver setup: ignoring JPA class transformer
2025-11-05 21:29:09.075  [main] INFO  com.zaxxer.hikari.HikariDataSource - HikariPool-1 - Starting...
2025-11-05 21:29:09.766  [main] INFO  com.zaxxer.hikari.pool.HikariPool - HikariPool-1 - Added connection com.mysql.cj.jdbc.ConnectionImpl@58a0f75b
2025-11-05 21:29:09.769  [main] INFO  com.zaxxer.hikari.HikariDataSource - HikariPool-1 - Start completed.
2025-11-05 21:29:09.899  [main] INFO  o.hibernate.orm.connections.pooling - HHH10001005: Database info:
	Database JDBC URL [Connecting through datasource 'HikariDataSource (HikariPool-1)']
	Database driver: undefined/unknown
	Database version: 8.0.42
	Autocommit mode: undefined/unknown
	Isolation level: undefined/unknown
	Minimum pool size: undefined/unknown
	Maximum pool size: undefined/unknown
2025-11-05 21:29:11.000  [main] INFO  o.h.e.t.j.p.i.JtaPlatformInitiator - HHH000489: No JTA platform available (set 'hibernate.transaction.jta.platform' to enable JTA platform integration)
2025-11-05 21:29:11.004  [main] INFO  o.s.o.j.LocalContainerEntityManagerFactoryBean - Initialized JPA EntityManagerFactory for persistence unit 'default'
2025-11-05 21:29:11.403  [main] INFO  o.s.s.c.a.a.c.InitializeUserDetailsBeanManagerConfigurer$InitializeUserDetailsManagerConfigurer - Global AuthenticationManager configured with UserDetailsService bean with name customUserDetailsService
2025-11-05 21:29:11.668  [main] INFO  o.s.d.j.r.query.QueryEnhancerFactory - Hibernate is in classpath; If applicable, HQL parser will be used.
2025-11-05 21:29:12.911  [main] WARN  o.s.b.a.o.j.JpaBaseConfiguration$JpaWebConfiguration - spring.jpa.open-in-view is enabled by default. Therefore, database queries may be performed during view rendering. Explicitly configure spring.jpa.open-in-view to disable this warning
2025-11-05 21:29:13.275  [main] INFO  o.s.b.a.e.web.EndpointLinksResolver - Exposing 3 endpoints beneath base path '/actuator'
2025-11-05 21:29:14.020  [main] INFO  o.a.coyote.http11.Http11NioProtocol - Starting ProtocolHandler ["http-nio-0.0.0.0-8080"]
2025-11-05 21:29:14.043  [main] INFO  o.s.b.w.e.tomcat.TomcatWebServer - Tomcat started on port 8080 (http) with context path '/'
2025-11-05 21:29:14.059  [main] INFO  c.example.mainserver.MainApplication - Started MainApplication in 11.654 seconds (process running for 12.888)
2025-11-05 21:29:14.385  [RMI TCP Connection(3)-192.168.45.45] INFO  o.s.a.r.c.CachingConnectionFactory - Attempting to connect to: [localhost:5672]
2025-11-05 21:29:14.385  [RMI TCP Connection(2)-192.168.45.45] INFO  o.a.c.c.C.[Tomcat].[localhost].[/] - Initializing Spring DispatcherServlet 'dispatcherServlet'
2025-11-05 21:29:14.385  [RMI TCP Connection(2)-192.168.45.45] INFO  o.s.web.servlet.DispatcherServlet - Initializing Servlet 'dispatcherServlet'
2025-11-05 21:29:14.388  [RMI TCP Connection(2)-192.168.45.45] INFO  o.s.web.servlet.DispatcherServlet - Completed initialization in 2 ms
2025-11-05 21:29:14.571  [RMI TCP Connection(3)-192.168.45.45] INFO  o.s.a.r.c.CachingConnectionFactory - Created new connection: rabbitConnectionFactory#32002a21:0/SimpleConnection@3f16011d [delegate=amqp://2thecore@127.0.0.1:5672/, localPort=55086]
2025-11-05 21:29:45.388  [http-nio-0.0.0.0-8080-exec-6] INFO  o.s.api.AbstractOpenApiResource - Init duration for springdoc-openapi is: 781 ms
2025-11-05 21:30:08.473  [http-nio-0.0.0.0-8080-exec-13] DEBUG c.e.m.a.i.JwtAuthenticationFilter - Request URI: /api/drivelogs
2025-11-05 21:30:08.473  [http-nio-0.0.0.0-8080-exec-13] DEBUG c.e.m.a.i.JwtAuthenticationFilter - Authorization Header: Bearer eyJ0eXAiOiJKV1QiLCJhbGciOiJIUzI1NiJ9.eyJzdWIiOiJkZXYxIiwibG9naW5JZCI6ImRldjEiLCJ0b2tlbl90eXBlIjoiYWNjZXNzIiwiaWF0IjoxNzYyMzQ1Nzk3LCJleHAiOjE3NjI0MDU3OTd9.DHZsV7ekf_K-IVY2DjUhah-KJVn0FWY1uYg-l4qlHp0
2025-11-05 21:30:08.476  [http-nio-0.0.0.0-8080-exec-13] DEBUG c.e.m.a.i.JwtAuthenticationFilter - Cookies: [jakarta.servlet.http.Cookie@ea0027a3{csrftoken=LaZRSYaT72J762yrzkYX94xaH5d5N9QB,null}, jakarta.servlet.http.Cookie@ace97c45{refreshToken=eyJ0eXAiOiJKV1QiLCJhbGciOiJIUzI1NiJ9.eyJzdWIiOiJkZXYxIiwibG9naW5JZCI6ImRldjEiLCJ0b2tlbl90eXBlIjoicmVmcmVzaCIsImlhdCI6MTc2MjM0NTc5NywiZXhwIjoxNzYyOTUwNTk3fQ.3yw2cHwhbOUGGvdT1A5Omn_WSiDqLvj4dRZWp2lHAe0,null}]
2025-11-05 21:30:08.503  [http-nio-0.0.0.0-8080-exec-13] DEBUG c.e.m.a.i.JwtAuthenticationFilter - Access token 유효함
2025-11-05 21:30:08.510  [http-nio-0.0.0.0-8080-exec-13] DEBUG c.e.m.a.i.JwtAuthenticationFilter - Access token에서 loginId 추출: dev1
2025-11-05 21:30:08.571  [http-nio-0.0.0.0-8080-exec-13] INFO  c.e.m.d.c.DriveLogController - Request DTO: DriveLogFilterRequestDto(carNumber=string, status=DRIVING, brand=string, model=string, startTime=2025-11-05, endTime=2025-11-05, twoParam=true, sortBy=string, sortOrder=string)
2025-11-05 21:30:08.728  [http-nio-0.0.0.0-8080-exec-13] DEBUG c.e.m.d.i.m.DriveLogMapper.search - ==>  Preparing: SELECT c.car_number, c.brand, c.model, c.status, dl.start_time, dl.end_time, dl.start_point ,dl.end_point, dl.drive_dist, dl.memo FROM drive_log dl JOIN car c ON dl.car_id = c.car_id WHERE c.car_number LIKE CONCAT('%', ?, '%') AND c.status = ? AND c.brand LIKE CONCAT('%', ?, '%') AND c.model LIKE CONCAT('%', ?, '%') AND dl.start_time >= CONCAT(?, ' 00:00:00') AND dl.start_time < DATE_ADD(?, INTERVAL 1 DAY) ORDER BY LIMIT ? OFFSET ?
2025-11-05 21:30:08.740  [http-nio-0.0.0.0-8080-exec-13] DEBUG c.e.m.d.i.m.DriveLogMapper.search - ==> Parameters: string(String), DRIVING(String), string(String), string(String), 2025-11-05(LocalDate), 2025-11-05(LocalDate), 10(Integer), 0(Integer)
2025-11-05 21:30:08.929  [http-nio-0.0.0.0-8080-exec-13] ERROR c.e.m.a.e.e.GlobalExceptionHandler - 
org.springframework.jdbc.BadSqlGrammarException: 
### Error querying database.  Cause: java.sql.SQLSyntaxErrorException: You have an error in your SQL syntax; check the manual that corresponds to your MySQL server version for the right syntax to use near 'LIMIT 10 OFFSET 0' at line 21
### The error may exist in file [C:\project\KUNI_2thecore_backend\back\main-server\build\resources\main\mapper\DriveLogMapper.xml]
### The error may involve com.example.mainserver.drivelog.infrastructure.mapper.DriveLogMapper.search-Inline
### The error occurred while setting parameters
### SQL: SELECT c.car_number, c.brand, c.model, c.status, dl.start_time, dl.end_time, dl.start_point            ,dl.end_point, dl.drive_dist, dl.memo FROM drive_log dl JOIN car c ON dl.car_id = c.car_id      WHERE  c.car_number LIKE CONCAT('%', ?, '%')                                           AND c.status = ?                                           AND c.brand LIKE CONCAT('%', ?, '%')                                           AND c.model LIKE CONCAT('%', ?, '%')                                                        AND dl.start_time >= CONCAT(?, ' 00:00:00')                 AND dl.start_time <  DATE_ADD(?, INTERVAL 1 DAY)      ORDER BY                             LIMIT ? OFFSET ?
### Cause: java.sql.SQLSyntaxErrorException: You have an error in your SQL syntax; check the manual that corresponds to your MySQL server version for the right syntax to use near 'LIMIT 10 OFFSET 0' at line 21
; bad SQL grammar []
	at org.springframework.jdbc.support.SQLErrorCodeSQLExceptionTranslator.doTranslate(SQLErrorCodeSQLExceptionTranslator.java:246)
	at org.springframework.jdbc.support.AbstractFallbackSQLExceptionTranslator.translate(AbstractFallbackSQLExceptionTranslator.java:107)
	at org.mybatis.spring.MyBatisExceptionTranslator.translateExceptionIfPossible(MyBatisExceptionTranslator.java:93)
	at org.mybatis.spring.SqlSessionTemplate$SqlSessionInterceptor.invoke(SqlSessionTemplate.java:347)
	at jdk.proxy2/jdk.proxy2.$Proxy167.selectList(Unknown Source)
	at org.mybatis.spring.SqlSessionTemplate.selectList(SqlSessionTemplate.java:194)
	at org.apache.ibatis.binding.MapperMethod.executeForMany(MapperMethod.java:147)
	at org.apache.ibatis.binding.MapperMethod.execute(MapperMethod.java:80)
	at org.apache.ibatis.binding.MapperProxy$PlainMethodInvoker.invoke(MapperProxy.java:141)
	at org.apache.ibatis.binding.MapperProxy.invoke(MapperProxy.java:86)
	at jdk.proxy2/jdk.proxy2.$Proxy169.search(Unknown Source)
	at com.example.mainserver.drivelog.application.DriveLogService.getDriveLogByFilter(DriveLogService.java:137)
	at java.base/jdk.internal.reflect.NativeMethodAccessorImpl.invoke0(Native Method)
	at java.base/jdk.internal.reflect.NativeMethodAccessorImpl.invoke(NativeMethodAccessorImpl.java:77)
	at java.base/jdk.internal.reflect.DelegatingMethodAccessorImpl.invoke(DelegatingMethodAccessorImpl.java:43)
	at java.base/java.lang.reflect.Method.invoke(Method.java:569)
	at org.springframework.aop.support.AopUtils.invokeJoinpointUsingReflection(AopUtils.java:359)
	at org.springframework.aop.framework.CglibAopProxy$DynamicAdvisedInterceptor.intercept(CglibAopProxy.java:724)
	at com.example.mainserver.drivelog.application.DriveLogService$$SpringCGLIB$$0.getDriveLogByFilter(<generated>)
	at com.example.mainserver.drivelog.controller.DriveLogController.getLogsByFilter(DriveLogController.java:89)
	at java.base/jdk.internal.reflect.NativeMethodAccessorImpl.invoke0(Native Method)
	at java.base/jdk.internal.reflect.NativeMethodAccessorImpl.invoke(NativeMethodAccessorImpl.java:77)
	at java.base/jdk.internal.reflect.DelegatingMethodAccessorImpl.invoke(DelegatingMethodAccessorImpl.java:43)
	at java.base/java.lang.reflect.Method.invoke(Method.java:569)
	at org.springframework.web.method.support.InvocableHandlerMethod.doInvoke(InvocableHandlerMethod.java:258)
	at org.springframework.web.method.support.InvocableHandlerMethod.invokeForRequest(InvocableHandlerMethod.java:191)
	at org.springframework.web.servlet.mvc.method.annotation.ServletInvocableHandlerMethod.invokeAndHandle(ServletInvocableHandlerMethod.java:118)
	at org.springframework.web.servlet.mvc.method.annotation.RequestMappingHandlerAdapter.invokeHandlerMethod(RequestMappingHandlerAdapter.java:986)
	at org.springframework.web.servlet.mvc.method.annotation.RequestMappingHandlerAdapter.handleInternal(RequestMappingHandlerAdapter.java:891)
	at org.springframework.web.servlet.mvc.method.AbstractHandlerMethodAdapter.handle(AbstractHandlerMethodAdapter.java:87)
	at org.springframework.web.servlet.DispatcherServlet.doDispatch(DispatcherServlet.java:1089)
	at org.springframework.web.servlet.DispatcherServlet.doService(DispatcherServlet.java:979)
	at org.springframework.web.servlet.FrameworkServlet.processRequest(FrameworkServlet.java:1014)
	at org.springframework.web.servlet.FrameworkServlet.doGet(FrameworkServlet.java:903)
	at jakarta.servlet.http.HttpServlet.service(HttpServlet.java:527)
	at org.springframework.web.servlet.FrameworkServlet.service(FrameworkServlet.java:885)
	at jakarta.servlet.http.HttpServlet.service(HttpServlet.java:614)
	at org.apache.catalina.core.ApplicationFilterChain.internalDoFilter(ApplicationFilterChain.java:195)
	at org.apache.catalina.core.ApplicationFilterChain.doFilter(ApplicationFilterChain.java:140)
	at org.apache.tomcat.websocket.server.WsFilter.doFilter(WsFilter.java:51)
	at org.apache.catalina.core.ApplicationFilterChain.internalDoFilter(ApplicationFilterChain.java:164)
	at org.apache.catalina.core.ApplicationFilterChain.doFilter(ApplicationFilterChain.java:140)
	at org.springframework.web.filter.OncePerRequestFilter.doFilter(OncePerRequestFilter.java:110)
	at org.apache.catalina.core.ApplicationFilterChain.internalDoFilter(ApplicationFilterChain.java:164)
	at org.apache.catalina.core.ApplicationFilterChain.doFilter(ApplicationFilterChain.java:140)
	at org.springframework.web.filter.CompositeFilter$VirtualFilterChain.doFilter(CompositeFilter.java:108)
	at org.springframework.web.filter.CompositeFilter$VirtualFilterChain.doFilter(CompositeFilter.java:108)
	at org.springframework.security.web.FilterChainProxy.lambda$doFilterInternal$3(FilterChainProxy.java:231)
	at org.springframework.security.web.ObservationFilterChainDecorator$FilterObservation$SimpleFilterObservation.lambda$wrap$1(ObservationFilterChainDecorator.java:479)
	at org.springframework.security.web.ObservationFilterChainDecorator$AroundFilterObservation$SimpleAroundFilterObservation.lambda$wrap$1(ObservationFilterChainDecorator.java:340)
	at org.springframework.security.web.ObservationFilterChainDecorator.lambda$wrapSecured$0(ObservationFilterChainDecorator.java:82)
	at org.springframework.security.web.ObservationFilterChainDecorator$VirtualFilterChain.doFilter(ObservationFilterChainDecorator.java:128)
	at org.springframework.security.web.access.intercept.AuthorizationFilter.doFilter(AuthorizationFilter.java:101)
	at org.springframework.security.web.ObservationFilterChainDecorator$ObservationFilter.wrapFilter(ObservationFilterChainDecorator.java:240)
	at org.springframework.security.web.ObservationFilterChainDecorator$ObservationFilter.doFilter(ObservationFilterChainDecorator.java:227)
	at org.springframework.security.web.ObservationFilterChainDecorator$VirtualFilterChain.doFilter(ObservationFilterChainDecorator.java:137)
	at org.springframework.security.web.access.ExceptionTranslationFilter.doFilter(ExceptionTranslationFilter.java:125)
	at org.springframework.security.web.access.ExceptionTranslationFilter.doFilter(ExceptionTranslationFilter.java:119)
	at org.springframework.security.web.ObservationFilterChainDecorator$ObservationFilter.wrapFilter(ObservationFilterChainDecorator.java:240)
	at org.springframework.security.web.ObservationFilterChainDecorator$ObservationFilter.doFilter(ObservationFilterChainDecorator.java:227)
	at org.springframework.security.web.ObservationFilterChainDecorator$VirtualFilterChain.doFilter(ObservationFilterChainDecorator.java:137)
	at org.springframework.security.web.session.SessionManagementFilter.doFilter(SessionManagementFilter.java:131)
	at org.springframework.security.web.session.SessionManagementFilter.doFilter(SessionManagementFilter.java:85)
	at org.springframework.security.web.ObservationFilterChainDecorator$ObservationFilter.wrapFilter(ObservationFilterChainDecorator.java:240)
	at org.springframework.security.web.ObservationFilterChainDecorator$ObservationFilter.doFilter(ObservationFilterChainDecorator.java:227)
	at org.springframework.security.web.ObservationFilterChainDecorator$VirtualFilterChain.doFilter(ObservationFilterChainDecorator.java:137)
	at org.springframework.security.web.authentication.AnonymousAuthenticationFilter.doFilter(AnonymousAuthenticationFilter.java:100)
	at org.springframework.security.web.ObservationFilterChainDecorator$ObservationFilter.wrapFilter(ObservationFilterChainDecorator.java:240)
	at org.springframework.security.web.ObservationFilterChainDecorator$ObservationFilter.doFilter(ObservationFilterChainDecorator.java:227)
	at org.springframework.security.web.ObservationFilterChainDecorator$VirtualFilterChain.doFilter(ObservationFilterChainDecorator.java:137)
	at org.springframework.security.web.servletapi.SecurityContextHolderAwareRequestFilter.doFilter(SecurityContextHolderAwareRequestFilter.java:179)
	at org.springframework.security.web.ObservationFilterChainDecorator$ObservationFilter.wrapFilter(ObservationFilterChainDecorator.java:240)
	at org.springframework.security.web.ObservationFilterChainDecorator$ObservationFilter.doFilter(ObservationFilterChainDecorator.java:227)
	at org.springframework.security.web.ObservationFilterChainDecorator$VirtualFilterChain.doFilter(ObservationFilterChainDecorator.java:137)
	at org.springframework.security.web.savedrequest.RequestCacheAwareFilter.doFilter(RequestCacheAwareFilter.java:63)
	at org.springframework.security.web.ObservationFilterChainDecorator$ObservationFilter.wrapFilter(ObservationFilterChainDecorator.java:240)
	at org.springframework.security.web.ObservationFilterChainDecorator$ObservationFilter.doFilter(ObservationFilterChainDecorator.java:227)
	at org.springframework.security.web.ObservationFilterChainDecorator$VirtualFilterChain.doFilter(ObservationFilterChainDecorator.java:137)
	at com.example.mainserver.auth.infrastructure.JwtAuthenticationFilter.doFilterInternal(JwtAuthenticationFilter.java:101)
	at org.springframework.web.filter.OncePerRequestFilter.doFilter(OncePerRequestFilter.java:116)
	at org.springframework.security.web.ObservationFilterChainDecorator$ObservationFilter.wrapFilter(ObservationFilterChainDecorator.java:240)
	at org.springframework.security.web.ObservationFilterChainDecorator$ObservationFilter.doFilter(ObservationFilterChainDecorator.java:227)
	at org.springframework.security.web.ObservationFilterChainDecorator$VirtualFilterChain.doFilter(ObservationFilterChainDecorator.java:137)
	at org.springframework.security.web.authentication.logout.LogoutFilter.doFilter(LogoutFilter.java:107)
	at org.springframework.security.web.authentication.logout.LogoutFilter.doFilter(LogoutFilter.java:93)
	at org.springframework.security.web.ObservationFilterChainDecorator$ObservationFilter.wrapFilter(ObservationFilterChainDecorator.java:240)
	at org.springframework.security.web.ObservationFilterChainDecorator$ObservationFilter.doFilter(ObservationFilterChainDecorator.java:227)
	at org.springframework.security.web.ObservationFilterChainDecorator$VirtualFilterChain.doFilter(ObservationFilterChainDecorator.java:137)
	at org.springframework.web.filter.CorsFilter.doFilterInternal(CorsFilter.java:91)
	at org.springframework.web.filter.OncePerRequestFilter.doFilter(OncePerRequestFilter.java:116)
	at org.springframework.security.web.ObservationFilterChainDecorator$ObservationFilter.wrapFilter(ObservationFilterChainDecorator.java:240)
	at org.springframework.security.web.ObservationFilterChainDecorator$ObservationFilter.doFilter(ObservationFilterChainDecorator.java:227)
	at org.springframework.security.web.ObservationFilterChainDecorator$VirtualFilterChain.doFilter(ObservationFilterChainDecorator.java:137)
	at org.springframework.security.web.header.HeaderWriterFilter.doHeadersAfter(HeaderWriterFilter.java:90)
	at org.springframework.security.web.header.HeaderWriterFilter.doFilterInternal(HeaderWriterFilter.java:75)
	at org.springframework.web.filter.OncePerRequestFilter.doFilter(OncePerRequestFilter.java:116)
	at org.springframework.security.web.ObservationFilterChainDecorator$ObservationFilter.wrapFilter(ObservationFilterChainDecorator.java:240)
	at org.springframework.security.web.ObservationFilterChainDecorator$ObservationFilter.doFilter(ObservationFilterChainDecorator.java:227)
	at org.springframework.security.web.ObservationFilterChainDecorator$VirtualFilterChain.doFilter(ObservationFilterChainDecorator.java:137)
	at org.springframework.security.web.context.SecurityContextHolderFilter.doFilter(SecurityContextHolderFilter.java:82)
	at org.springframework.security.web.context.SecurityContextHolderFilter.doFilter(SecurityContextHolderFilter.java:69)
	at org.springframework.security.web.ObservationFilterChainDecorator$ObservationFilter.wrapFilter(ObservationFilterChainDecorator.java:240)
	at org.springframework.security.web.ObservationFilterChainDecorator$ObservationFilter.doFilter(ObservationFilterChainDecorator.java:227)
	at org.springframework.security.web.ObservationFilterChainDecorator$VirtualFilterChain.doFilter(ObservationFilterChainDecorator.java:137)
	at org.springframework.security.web.context.request.async.WebAsyncManagerIntegrationFilter.doFilterInternal(WebAsyncManagerIntegrationFilter.java:62)
	at org.springframework.web.filter.OncePerRequestFilter.doFilter(OncePerRequestFilter.java:116)
	at org.springframework.security.web.ObservationFilterChainDecorator$ObservationFilter.wrapFilter(ObservationFilterChainDecorator.java:240)
	at org.springframework.security.web.ObservationFilterChainDecorator$ObservationFilter.doFilter(ObservationFilterChainDecorator.java:227)
	at org.springframework.security.web.ObservationFilterChainDecorator$VirtualFilterChain.doFilter(ObservationFilterChainDecorator.java:137)
	at org.springframework.security.web.session.DisableEncodeUrlFilter.doFilterInternal(DisableEncodeUrlFilter.java:42)
	at org.springframework.web.filter.OncePerRequestFilter.doFilter(OncePerRequestFilter.java:116)
	at org.springframework.security.web.ObservationFilterChainDecorator$ObservationFilter.wrapFilter(ObservationFilterChainDecorator.java:240)
	at org.springframework.security.web.ObservationFilterChainDecorator$AroundFilterObservation$SimpleAroundFilterObservation.lambda$wrap$0(ObservationFilterChainDecorator.java:323)
	at org.springframework.security.web.ObservationFilterChainDecorator$ObservationFilter.doFilter(ObservationFilterChainDecorator.java:224)
	at org.springframework.security.web.ObservationFilterChainDecorator$VirtualFilterChain.doFilter(ObservationFilterChainDecorator.java:137)
	at org.springframework.security.web.FilterChainProxy.doFilterInternal(FilterChainProxy.java:233)
	at org.springframework.security.web.FilterChainProxy.doFilter(FilterChainProxy.java:191)
	at org.springframework.web.filter.CompositeFilter$VirtualFilterChain.doFilter(CompositeFilter.java:113)
	at org.springframework.web.filter.ServletRequestPathFilter.doFilter(ServletRequestPathFilter.java:52)
	at org.springframework.web.filter.CompositeFilter$VirtualFilterChain.doFilter(CompositeFilter.java:113)
	at org.springframework.web.filter.CompositeFilter.doFilter(CompositeFilter.java:74)
	at org.springframework.security.config.annotation.web.configuration.WebSecurityConfiguration$CompositeFilterChainProxy.doFilter(WebSecurityConfiguration.java:319)
	at org.springframework.web.filter.CompositeFilter$VirtualFilterChain.doFilter(CompositeFilter.java:113)
	at org.springframework.web.servlet.handler.HandlerMappingIntrospector.lambda$createCacheFilter$4(HandlerMappingIntrospector.java:267)
	at org.springframework.web.filter.CompositeFilter$VirtualFilterChain.doFilter(CompositeFilter.java:113)
	at org.springframework.web.filter.CompositeFilter.doFilter(CompositeFilter.java:74)
	at org.springframework.security.config.annotation.web.configuration.WebMvcSecurityConfiguration$CompositeFilterChainProxy.doFilter(WebMvcSecurityConfiguration.java:240)
	at org.springframework.web.filter.DelegatingFilterProxy.invokeDelegate(DelegatingFilterProxy.java:362)
	at org.springframework.web.filter.DelegatingFilterProxy.doFilter(DelegatingFilterProxy.java:278)
	at org.apache.catalina.core.ApplicationFilterChain.internalDoFilter(ApplicationFilterChain.java:164)
	at org.apache.catalina.core.ApplicationFilterChain.doFilter(ApplicationFilterChain.java:140)
	at org.springframework.web.filter.RequestContextFilter.doFilterInternal(RequestContextFilter.java:100)
	at org.springframework.web.filter.OncePerRequestFilter.doFilter(OncePerRequestFilter.java:116)
	at org.apache.catalina.core.ApplicationFilterChain.internalDoFilter(ApplicationFilterChain.java:164)
	at org.apache.catalina.core.ApplicationFilterChain.doFilter(ApplicationFilterChain.java:140)
	at org.springframework.web.filter.FormContentFilter.doFilterInternal(FormContentFilter.java:93)
	at org.springframework.web.filter.OncePerRequestFilter.doFilter(OncePerRequestFilter.java:116)
	at org.apache.catalina.core.ApplicationFilterChain.internalDoFilter(ApplicationFilterChain.java:164)
	at org.apache.catalina.core.ApplicationFilterChain.doFilter(ApplicationFilterChain.java:140)
	at org.springframework.web.filter.ServerHttpObservationFilter.doFilterInternal(ServerHttpObservationFilter.java:114)
	at org.springframework.web.filter.OncePerRequestFilter.doFilter(OncePerRequestFilter.java:116)
	at org.apache.catalina.core.ApplicationFilterChain.internalDoFilter(ApplicationFilterChain.java:164)
	at org.apache.catalina.core.ApplicationFilterChain.doFilter(ApplicationFilterChain.java:140)
	at org.springframework.web.filter.CharacterEncodingFilter.doFilterInternal(CharacterEncodingFilter.java:201)
	at org.springframework.web.filter.OncePerRequestFilter.doFilter(OncePerRequestFilter.java:116)
	at org.apache.catalina.core.ApplicationFilterChain.internalDoFilter(ApplicationFilterChain.java:164)
	at org.apache.catalina.core.ApplicationFilterChain.doFilter(ApplicationFilterChain.java:140)
	at org.apache.catalina.core.StandardWrapperValve.invoke(StandardWrapperValve.java:167)
	at org.apache.catalina.core.StandardContextValve.invoke(StandardContextValve.java:90)
	at org.apache.catalina.authenticator.AuthenticatorBase.invoke(AuthenticatorBase.java:483)
	at org.apache.catalina.core.StandardHostValve.invoke(StandardHostValve.java:116)
	at org.apache.catalina.valves.ErrorReportValve.invoke(ErrorReportValve.java:93)
	at org.apache.catalina.core.StandardEngineValve.invoke(StandardEngineValve.java:74)
	at org.apache.catalina.connector.CoyoteAdapter.service(CoyoteAdapter.java:344)
	at org.apache.coyote.http11.Http11Processor.service(Http11Processor.java:398)
	at org.apache.coyote.AbstractProcessorLight.process(AbstractProcessorLight.java:63)
	at org.apache.coyote.AbstractProtocol$ConnectionHandler.process(AbstractProtocol.java:903)
	at org.apache.tomcat.util.net.NioEndpoint$SocketProcessor.doRun(NioEndpoint.java:1769)
	at org.apache.tomcat.util.net.SocketProcessorBase.run(SocketProcessorBase.java:52)
	at org.apache.tomcat.util.threads.ThreadPoolExecutor.runWorker(ThreadPoolExecutor.java:1189)
	at org.apache.tomcat.util.threads.ThreadPoolExecutor$Worker.run(ThreadPoolExecutor.java:658)
	at org.apache.tomcat.util.threads.TaskThread$WrappingRunnable.run(TaskThread.java:63)
	at java.base/java.lang.Thread.run(Thread.java:840)
Caused by: java.sql.SQLSyntaxErrorException: You have an error in your SQL syntax; check the manual that corresponds to your MySQL server version for the right syntax to use near 'LIMIT 10 OFFSET 0' at line 21
	at com.mysql.cj.jdbc.exceptions.SQLError.createSQLException(SQLError.java:112)
	at com.mysql.cj.jdbc.exceptions.SQLExceptionsMapping.translateException(SQLExceptionsMapping.java:114)
	at com.mysql.cj.jdbc.ClientPreparedStatement.executeInternal(ClientPreparedStatement.java:990)
	at com.mysql.cj.jdbc.ClientPreparedStatement.execute(ClientPreparedStatement.java:384)
	at com.zaxxer.hikari.pool.ProxyPreparedStatement.execute(ProxyPreparedStatement.java:44)
	at com.zaxxer.hikari.pool.HikariProxyPreparedStatement.execute(HikariProxyPreparedStatement.java)
	at java.base/jdk.internal.reflect.NativeMethodAccessorImpl.invoke0(Native Method)
	at java.base/jdk.internal.reflect.NativeMethodAccessorImpl.invoke(NativeMethodAccessorImpl.java:77)
	at java.base/jdk.internal.reflect.DelegatingMethodAccessorImpl.invoke(DelegatingMethodAccessorImpl.java:43)
	at java.base/java.lang.reflect.Method.invoke(Method.java:569)
	at org.apache.ibatis.logging.jdbc.PreparedStatementLogger.invoke(PreparedStatementLogger.java:58)
	at jdk.proxy3/jdk.proxy3.$Proxy242.execute(Unknown Source)
	at org.apache.ibatis.executor.statement.PreparedStatementHandler.query(PreparedStatementHandler.java:65)
	at org.apache.ibatis.executor.statement.RoutingStatementHandler.query(RoutingStatementHandler.java:80)
	at org.apache.ibatis.executor.SimpleExecutor.doQuery(SimpleExecutor.java:65)
	at org.apache.ibatis.executor.BaseExecutor.queryFromDatabase(BaseExecutor.java:336)
	at org.apache.ibatis.executor.BaseExecutor.query(BaseExecutor.java:158)
	at org.apache.ibatis.executor.CachingExecutor.query(CachingExecutor.java:110)
	at org.apache.ibatis.executor.CachingExecutor.query(CachingExecutor.java:90)
	at org.apache.ibatis.session.defaults.DefaultSqlSession.selectList(DefaultSqlSession.java:154)
	at org.apache.ibatis.session.defaults.DefaultSqlSession.selectList(DefaultSqlSession.java:147)
	at org.apache.ibatis.session.defaults.DefaultSqlSession.selectList(DefaultSqlSession.java:142)
	at java.base/jdk.internal.reflect.NativeMethodAccessorImpl.invoke0(Native Method)
	at java.base/jdk.internal.reflect.NativeMethodAccessorImpl.invoke(NativeMethodAccessorImpl.java:77)
	at java.base/jdk.internal.reflect.DelegatingMethodAccessorImpl.invoke(DelegatingMethodAccessorImpl.java:43)
	at java.base/java.lang.reflect.Method.invoke(Method.java:569)
	at org.mybatis.spring.SqlSessionTemplate$SqlSessionInterceptor.invoke(SqlSessionTemplate.java:333)
	... 159 common frames omitted
2025-11-05 21:30:20.120  [http-nio-0.0.0.0-8080-exec-16] DEBUG c.e.m.a.i.JwtAuthenticationFilter - Request URI: /api/drivelogs
2025-11-05 21:30:20.120  [http-nio-0.0.0.0-8080-exec-16] DEBUG c.e.m.a.i.JwtAuthenticationFilter - Authorization Header: Bearer eyJ0eXAiOiJKV1QiLCJhbGciOiJIUzI1NiJ9.eyJzdWIiOiJkZXYxIiwibG9naW5JZCI6ImRldjEiLCJ0b2tlbl90eXBlIjoiYWNjZXNzIiwiaWF0IjoxNzYyMzQ1Nzk3LCJleHAiOjE3NjI0MDU3OTd9.DHZsV7ekf_K-IVY2DjUhah-KJVn0FWY1uYg-l4qlHp0
2025-11-05 21:30:20.121  [http-nio-0.0.0.0-8080-exec-16] DEBUG c.e.m.a.i.JwtAuthenticationFilter - Cookies: [jakarta.servlet.http.Cookie@ea0027a3{csrftoken=LaZRSYaT72J762yrzkYX94xaH5d5N9QB,null}, jakarta.servlet.http.Cookie@ace97c45{refreshToken=eyJ0eXAiOiJKV1QiLCJhbGciOiJIUzI1NiJ9.eyJzdWIiOiJkZXYxIiwibG9naW5JZCI6ImRldjEiLCJ0b2tlbl90eXBlIjoicmVmcmVzaCIsImlhdCI6MTc2MjM0NTc5NywiZXhwIjoxNzYyOTUwNTk3fQ.3yw2cHwhbOUGGvdT1A5Omn_WSiDqLvj4dRZWp2lHAe0,null}]
2025-11-05 21:30:20.126  [http-nio-0.0.0.0-8080-exec-16] DEBUG c.e.m.a.i.JwtAuthenticationFilter - Access token 유효함
2025-11-05 21:30:20.133  [http-nio-0.0.0.0-8080-exec-16] DEBUG c.e.m.a.i.JwtAuthenticationFilter - Access token에서 loginId 추출: dev1
2025-11-05 21:30:20.135  [http-nio-0.0.0.0-8080-exec-16] INFO  c.e.m.d.c.DriveLogController - Request DTO: DriveLogFilterRequestDto(carNumber=null, status=DRIVING, brand=null, model=null, startTime=null, endTime=null, twoParam=true, sortBy=startTime, sortOrder=ASC)
2025-11-05 21:30:20.163  [http-nio-0.0.0.0-8080-exec-16] DEBUG c.e.m.d.i.m.DriveLogMapper.search - ==>  Preparing: SELECT c.car_number, c.brand, c.model, c.status, dl.start_time, dl.end_time, dl.start_point ,dl.end_point, dl.drive_dist, dl.memo FROM drive_log dl JOIN car c ON dl.car_id = c.car_id WHERE c.status = ? ORDER BY start_time ASC LIMIT ? OFFSET ?
2025-11-05 21:30:20.165  [http-nio-0.0.0.0-8080-exec-16] DEBUG c.e.m.d.i.m.DriveLogMapper.search - ==> Parameters: DRIVING(String), 10(Integer), 0(Integer)
2025-11-05 21:30:20.303  [http-nio-0.0.0.0-8080-exec-16] DEBUG c.e.m.d.i.m.DriveLogMapper.search - <==      Total: 0
2025-11-05 21:30:20.304  [http-nio-0.0.0.0-8080-exec-16] DEBUG c.e.m.d.i.m.D.countByFilter - ==>  Preparing: SELECT COUNT(*) FROM drive_log dl JOIN car c ON dl.car_id = c.car_id WHERE c.status = ?
2025-11-05 21:30:20.304  [http-nio-0.0.0.0-8080-exec-16] DEBUG c.e.m.d.i.m.D.countByFilter - ==> Parameters: DRIVING(String)
2025-11-05 21:30:20.378  [http-nio-0.0.0.0-8080-exec-16] DEBUG c.e.m.d.i.m.D.countByFilter - <==      Total: 1
2025-11-05 21:30:20.383  [http-nio-0.0.0.0-8080-exec-16] WARN  o.s.d.w.c.SpringDataJacksonConfiguration$PageModule$WarningLoggingModifier - Serializing PageImpl instances as-is is not supported, meaning that there is no guarantee about the stability of the resulting JSON structure!
	For a stable JSON structure, please use Spring Data's PagedModel (globally via @EnableSpringDataWebSupport(pageSerializationMode = VIA_DTO))
	or Spring HATEOAS and Spring Data's PagedResourcesAssembler as documented in https://docs.spring.io/spring-data/commons/reference/repositories/core-extensions.html#core.web.pageables.

2025-11-05 21:30:43.726  [http-nio-0.0.0.0-8080-exec-7] DEBUG c.e.m.a.i.JwtAuthenticationFilter - Request URI: /api/cars/status
2025-11-05 21:30:43.727  [http-nio-0.0.0.0-8080-exec-7] DEBUG c.e.m.a.i.JwtAuthenticationFilter - Authorization Header: Bearer eyJ0eXAiOiJKV1QiLCJhbGciOiJIUzI1NiJ9.eyJzdWIiOiJkZXYxIiwibG9naW5JZCI6ImRldjEiLCJ0b2tlbl90eXBlIjoiYWNjZXNzIiwiaWF0IjoxNzYyMzQ1Nzk3LCJleHAiOjE3NjI0MDU3OTd9.DHZsV7ekf_K-IVY2DjUhah-KJVn0FWY1uYg-l4qlHp0
2025-11-05 21:30:43.727  [http-nio-0.0.0.0-8080-exec-7] DEBUG c.e.m.a.i.JwtAuthenticationFilter - Cookies: [jakarta.servlet.http.Cookie@ea0027a3{csrftoken=LaZRSYaT72J762yrzkYX94xaH5d5N9QB,null}, jakarta.servlet.http.Cookie@ace97c45{refreshToken=eyJ0eXAiOiJKV1QiLCJhbGciOiJIUzI1NiJ9.eyJzdWIiOiJkZXYxIiwibG9naW5JZCI6ImRldjEiLCJ0b2tlbl90eXBlIjoicmVmcmVzaCIsImlhdCI6MTc2MjM0NTc5NywiZXhwIjoxNzYyOTUwNTk3fQ.3yw2cHwhbOUGGvdT1A5Omn_WSiDqLvj4dRZWp2lHAe0,null}]
2025-11-05 21:30:43.731  [http-nio-0.0.0.0-8080-exec-7] DEBUG c.e.m.a.i.JwtAuthenticationFilter - Access token 유효함
2025-11-05 21:30:43.739  [http-nio-0.0.0.0-8080-exec-7] DEBUG c.e.m.a.i.JwtAuthenticationFilter - Access token에서 loginId 추출: dev1
2025-11-05 21:30:43.785  [http-nio-0.0.0.0-8080-exec-7] DEBUG c.e.m.car.application.CarService - getCarsByStatusString - querying status DRIVING -> found 0
2025-11-05 21:30:47.619  [http-nio-0.0.0.0-8080-exec-20] DEBUG c.e.m.a.i.JwtAuthenticationFilter - Request URI: /api/cars/status
2025-11-05 21:30:47.619  [http-nio-0.0.0.0-8080-exec-20] DEBUG c.e.m.a.i.JwtAuthenticationFilter - Authorization Header: Bearer eyJ0eXAiOiJKV1QiLCJhbGciOiJIUzI1NiJ9.eyJzdWIiOiJkZXYxIiwibG9naW5JZCI6ImRldjEiLCJ0b2tlbl90eXBlIjoiYWNjZXNzIiwiaWF0IjoxNzYyMzQ1Nzk3LCJleHAiOjE3NjI0MDU3OTd9.DHZsV7ekf_K-IVY2DjUhah-KJVn0FWY1uYg-l4qlHp0
2025-11-05 21:30:47.619  [http-nio-0.0.0.0-8080-exec-20] DEBUG c.e.m.a.i.JwtAuthenticationFilter - Cookies: [jakarta.servlet.http.Cookie@ea0027a3{csrftoken=LaZRSYaT72J762yrzkYX94xaH5d5N9QB,null}, jakarta.servlet.http.Cookie@ace97c45{refreshToken=eyJ0eXAiOiJKV1QiLCJhbGciOiJIUzI1NiJ9.eyJzdWIiOiJkZXYxIiwibG9naW5JZCI6ImRldjEiLCJ0b2tlbl90eXBlIjoicmVmcmVzaCIsImlhdCI6MTc2MjM0NTc5NywiZXhwIjoxNzYyOTUwNTk3fQ.3yw2cHwhbOUGGvdT1A5Omn_WSiDqLvj4dRZWp2lHAe0,null}]
2025-11-05 21:30:47.622  [http-nio-0.0.0.0-8080-exec-20] DEBUG c.e.m.a.i.JwtAuthenticationFilter - Access token 유효함
2025-11-05 21:30:47.630  [http-nio-0.0.0.0-8080-exec-20] DEBUG c.e.m.a.i.JwtAuthenticationFilter - Access token에서 loginId 추출: dev1
2025-11-05 21:30:47.674  [http-nio-0.0.0.0-8080-exec-20] DEBUG c.e.m.car.application.CarService - getCarsByStatusString - querying status IDLE -> found 53
2025-11-05 21:34:26.956  [http-nio-0.0.0.0-8080-exec-1] DEBUG c.e.m.a.i.JwtAuthenticationFilter - Request URI: /api/dashboard
2025-11-05 21:34:26.957  [http-nio-0.0.0.0-8080-exec-1] DEBUG c.e.m.a.i.JwtAuthenticationFilter - Authorization Header: Bearer eyJ0eXAiOiJKV1QiLCJhbGciOiJIUzI1NiJ9.eyJzdWIiOiJkZXYxIiwibG9naW5JZCI6ImRldjEiLCJ0b2tlbl90eXBlIjoiYWNjZXNzIiwiaWF0IjoxNzYyMzQ1Nzk3LCJleHAiOjE3NjI0MDU3OTd9.DHZsV7ekf_K-IVY2DjUhah-KJVn0FWY1uYg-l4qlHp0
2025-11-05 21:34:26.957  [http-nio-0.0.0.0-8080-exec-1] DEBUG c.e.m.a.i.JwtAuthenticationFilter - Cookies: [jakarta.servlet.http.Cookie@ea0027a3{csrftoken=LaZRSYaT72J762yrzkYX94xaH5d5N9QB,null}, jakarta.servlet.http.Cookie@ace97c45{refreshToken=eyJ0eXAiOiJKV1QiLCJhbGciOiJIUzI1NiJ9.eyJzdWIiOiJkZXYxIiwibG9naW5JZCI6ImRldjEiLCJ0b2tlbl90eXBlIjoicmVmcmVzaCIsImlhdCI6MTc2MjM0NTc5NywiZXhwIjoxNzYyOTUwNTk3fQ.3yw2cHwhbOUGGvdT1A5Omn_WSiDqLvj4dRZWp2lHAe0,null}]
2025-11-05 21:34:26.961  [http-nio-0.0.0.0-8080-exec-1] DEBUG c.e.m.a.i.JwtAuthenticationFilter - Access token 유효함
2025-11-05 21:34:26.971  [http-nio-0.0.0.0-8080-exec-1] DEBUG c.e.m.a.i.JwtAuthenticationFilter - Access token에서 loginId 추출: dev1
2025-11-05 21:56:43.487  [HikariPool-1:housekeeper] WARN  com.zaxxer.hikari.pool.HikariPool - HikariPool-1 - Thread starvation or clock leap detected (housekeeper delta=4m33s238ms467µs100ns).
2025-11-05 21:56:43.495  [HikariPool-1:housekeeper] WARN  com.zaxxer.hikari.pool.PoolBase - HikariPool-1 - Failed to validate connection com.mysql.cj.jdbc.ConnectionImpl@28ded724 (No operations allowed after connection closed.). Possibly consider using a shorter maxLifetime value.
2025-11-05 21:56:43.497  [HikariPool-1:housekeeper] WARN  com.zaxxer.hikari.pool.PoolBase - HikariPool-1 - Failed to validate connection com.mysql.cj.jdbc.ConnectionImpl@5aa2221 (No operations allowed after connection closed.). Possibly consider using a shorter maxLifetime value.
2025-11-05 21:56:43.498  [HikariPool-1:housekeeper] WARN  com.zaxxer.hikari.pool.PoolBase - HikariPool-1 - Failed to validate connection com.mysql.cj.jdbc.ConnectionImpl@44f2403b (No operations allowed after connection closed.). Possibly consider using a shorter maxLifetime value.
2025-11-05 21:56:43.499  [HikariPool-1:housekeeper] WARN  com.zaxxer.hikari.pool.PoolBase - HikariPool-1 - Failed to validate connection com.mysql.cj.jdbc.ConnectionImpl@1acbd876 (No operations allowed after connection closed.). Possibly consider using a shorter maxLifetime value.
2025-11-05 21:56:43.500  [HikariPool-1:housekeeper] WARN  com.zaxxer.hikari.pool.PoolBase - HikariPool-1 - Failed to validate connection com.mysql.cj.jdbc.ConnectionImpl@2e5a68c1 (No operations allowed after connection closed.). Possibly consider using a shorter maxLifetime value.
2025-11-05 21:56:43.500  [HikariPool-1:housekeeper] WARN  com.zaxxer.hikari.pool.PoolBase - HikariPool-1 - Failed to validate connection com.mysql.cj.jdbc.ConnectionImpl@58a0f75b (No operations allowed after connection closed.). Possibly consider using a shorter maxLifetime value.
2025-11-05 21:56:43.501  [HikariPool-1:housekeeper] WARN  com.zaxxer.hikari.pool.PoolBase - HikariPool-1 - Failed to validate connection com.mysql.cj.jdbc.ConnectionImpl@7ab5fc01 (No operations allowed after connection closed.). Possibly consider using a shorter maxLifetime value.
2025-11-05 21:57:00.229  [HikariPool-1:housekeeper] WARN  com.zaxxer.hikari.pool.PoolBase - HikariPool-1 - Failed to validate connection com.mysql.cj.jdbc.ConnectionImpl@2c9098f4 (No operations allowed after connection closed.). Possibly consider using a shorter maxLifetime value.
