2025-08-22 17:42:35.957  [background-preinit] INFO  o.h.validator.internal.util.Version - HV000001: Hibernate Validator 8.0.2.Final
2025-08-22 17:42:35.984  [main] INFO  c.example.mainserver.MainApplication - Starting MainApplication using Java 17.0.16 with PID 15569 (/Users/chyopriushy/Desktop/Project/KUNI_2thecore/back/main-server/build/classes/java/main started by chyopriushy in /Users/chyopriushy/Desktop/Project/KUNI_2thecore)
2025-08-22 17:42:35.984  [main] DEBUG c.example.mainserver.MainApplication - Running with Spring Boot v3.5.3, Spring v6.2.8
2025-08-22 17:42:35.984  [main] INFO  c.example.mainserver.MainApplication - No active profile set, falling back to 1 default profile: "default"
2025-08-22 17:42:36.407  [main] INFO  o.s.d.r.c.RepositoryConfigurationDelegate - Multiple Spring Data modules found, entering strict repository configuration mode
2025-08-22 17:42:36.407  [main] INFO  o.s.d.r.c.RepositoryConfigurationDelegate - Bootstrapping Spring Data JPA repositories in DEFAULT mode.
2025-08-22 17:42:36.487  [main] INFO  o.s.d.r.c.RepositoryConfigurationDelegate - Finished Spring Data repository scanning in 75 ms. Found 4 JPA repository interfaces.
2025-08-22 17:42:36.723  [main] INFO  o.s.d.r.c.RepositoryConfigurationDelegate - Multiple Spring Data modules found, entering strict repository configuration mode
2025-08-22 17:42:36.723  [main] INFO  o.s.d.r.c.RepositoryConfigurationDelegate - Bootstrapping Spring Data Redis repositories in DEFAULT mode.
2025-08-22 17:42:36.735  [main] INFO  o.s.d.r.c.RepositoryConfigurationExtensionSupport - Spring Data Redis - Could not safely identify store assignment for repository candidate interface com.example.mainserver.admin.infrastructure.AdminRepository; If you want this repository to be a Redis repository, consider annotating your entities with one of these annotations: org.springframework.data.redis.core.RedisHash (preferred), or consider extending one of the following types with your repository: org.springframework.data.keyvalue.repository.KeyValueRepository
2025-08-22 17:42:36.736  [main] INFO  o.s.d.r.c.RepositoryConfigurationExtensionSupport - Spring Data Redis - Could not safely identify store assignment for repository candidate interface com.example.mainserver.collector.infrastructure.GpsLogRepository; If you want this repository to be a Redis repository, consider annotating your entities with one of these annotations: org.springframework.data.redis.core.RedisHash (preferred), or consider extending one of the following types with your repository: org.springframework.data.keyvalue.repository.KeyValueRepository
2025-08-22 17:42:36.736  [main] INFO  o.s.d.r.c.RepositoryConfigurationExtensionSupport - Spring Data Redis - Could not safely identify store assignment for repository candidate interface com.example.mainserver.dashboard.infrastructure.DashboardRepository; If you want this repository to be a Redis repository, consider annotating your entities with one of these annotations: org.springframework.data.redis.core.RedisHash (preferred), or consider extending one of the following types with your repository: org.springframework.data.keyvalue.repository.KeyValueRepository
2025-08-22 17:42:36.736  [main] INFO  o.s.d.r.c.RepositoryConfigurationExtensionSupport - Spring Data Redis - Could not safely identify store assignment for repository candidate interface com.example.mainserver.drivelog.domain.DriveLogRepository; If you want this repository to be a Redis repository, consider annotating your entities with one of these annotations: org.springframework.data.redis.core.RedisHash (preferred), or consider extending one of the following types with your repository: org.springframework.data.keyvalue.repository.KeyValueRepository
2025-08-22 17:42:36.736  [main] INFO  o.s.d.r.c.RepositoryConfigurationDelegate - Finished Spring Data repository scanning in 7 ms. Found 0 Redis repository interfaces.
2025-08-22 17:42:37.047  [main] INFO  o.s.b.w.e.tomcat.TomcatWebServer - Tomcat initialized with port 8080 (http)
2025-08-22 17:42:37.053  [main] INFO  o.a.coyote.http11.Http11NioProtocol - Initializing ProtocolHandler ["http-nio-0.0.0.0-8080"]
2025-08-22 17:42:37.054  [main] INFO  o.a.catalina.core.StandardService - Starting service [Tomcat]
2025-08-22 17:42:37.054  [main] INFO  o.a.catalina.core.StandardEngine - Starting Servlet engine: [Apache Tomcat/10.1.42]
2025-08-22 17:42:37.085  [main] INFO  o.a.c.c.C.[Tomcat].[localhost].[/] - Initializing Spring embedded WebApplicationContext
2025-08-22 17:42:37.085  [main] INFO  o.s.b.w.s.c.ServletWebServerApplicationContext - Root WebApplicationContext: initialization completed in 1078 ms
2025-08-22 17:42:37.321  [main] DEBUG c.e.m.a.i.JwtAuthenticationFilter - Filter 'jwtAuthenticationFilter' configured for use
2025-08-22 17:42:37.383  [main] INFO  o.h.jpa.internal.util.LogHelper - HHH000204: Processing PersistenceUnitInfo [name: default]
2025-08-22 17:42:37.413  [main] INFO  org.hibernate.Version - HHH000412: Hibernate ORM core version 6.6.18.Final
2025-08-22 17:42:37.430  [main] INFO  o.h.c.i.RegionFactoryInitiator - HHH000026: Second-level cache disabled
2025-08-22 17:42:37.586  [main] INFO  o.s.o.j.p.SpringPersistenceUnitInfo - No LoadTimeWeaver setup: ignoring JPA class transformer
2025-08-22 17:42:37.601  [main] INFO  com.zaxxer.hikari.HikariDataSource - HikariPool-1 - Starting...
2025-08-22 17:42:37.982  [main] INFO  com.zaxxer.hikari.pool.HikariPool - HikariPool-1 - Added connection com.mysql.cj.jdbc.ConnectionImpl@61e34bec
2025-08-22 17:42:37.983  [main] INFO  com.zaxxer.hikari.HikariDataSource - HikariPool-1 - Start completed.
2025-08-22 17:42:38.059  [main] INFO  o.hibernate.orm.connections.pooling - HHH10001005: Database info:
	Database JDBC URL [Connecting through datasource 'HikariDataSource (HikariPool-1)']
	Database driver: undefined/unknown
	Database version: 8.0.42
	Autocommit mode: undefined/unknown
	Isolation level: undefined/unknown
	Minimum pool size: undefined/unknown
	Maximum pool size: undefined/unknown
2025-08-22 17:42:38.489  [main] INFO  o.h.e.t.j.p.i.JtaPlatformInitiator - HHH000489: No JTA platform available (set 'hibernate.transaction.jta.platform' to enable JTA platform integration)
2025-08-22 17:42:38.490  [main] INFO  o.s.o.j.LocalContainerEntityManagerFactoryBean - Initialized JPA EntityManagerFactory for persistence unit 'default'
2025-08-22 17:42:38.667  [main] INFO  o.s.s.c.a.a.c.InitializeUserDetailsBeanManagerConfigurer$InitializeUserDetailsManagerConfigurer - Global AuthenticationManager configured with UserDetailsService bean with name customUserDetailsService
2025-08-22 17:42:38.766  [main] INFO  o.s.d.j.r.query.QueryEnhancerFactory - Hibernate is in classpath; If applicable, HQL parser will be used.
2025-08-22 17:42:39.190  [main] WARN  o.s.b.w.s.c.AnnotationConfigServletWebServerApplicationContext - Exception encountered during context initialization - cancelling refresh attempt: org.springframework.beans.factory.UnsatisfiedDependencyException: Error creating bean with name 'dashboardService' defined in file [/Users/chyopriushy/Desktop/Project/KUNI_2thecore/back/main-server/build/classes/java/main/com/example/mainserver/dashboard/application/DashboardService.class]: Unsatisfied dependency expressed through constructor parameter 0: Error creating bean with name 'dashBoardReaderImpl' defined in file [/Users/chyopriushy/Desktop/Project/KUNI_2thecore/back/main-server/build/classes/java/main/com/example/mainserver/dashboard/infrastructure/DashBoardReaderImpl.class]: Unsatisfied dependency expressed through constructor parameter 0: No qualifying bean of type 'com.example.mainserver.dashboard.infrastructure.DashboardRepository' available: expected at least 1 bean which qualifies as autowire candidate. Dependency annotations: {}
2025-08-22 17:42:39.192  [main] INFO  o.s.o.j.LocalContainerEntityManagerFactoryBean - Closing JPA EntityManagerFactory for persistence unit 'default'
2025-08-22 17:42:39.194  [main] INFO  com.zaxxer.hikari.HikariDataSource - HikariPool-1 - Shutdown initiated...
2025-08-22 17:42:39.215  [main] INFO  com.zaxxer.hikari.HikariDataSource - HikariPool-1 - Shutdown completed.
2025-08-22 17:42:39.326  [main] INFO  o.a.catalina.core.StandardService - Stopping service [Tomcat]
2025-08-22 17:42:39.349  [main] INFO  o.s.b.a.l.ConditionEvaluationReportLogger - 

Error starting ApplicationContext. To display the condition evaluation report re-run your application with 'debug' enabled.
2025-08-22 17:42:39.363  [main] ERROR o.s.b.d.LoggingFailureAnalysisReporter - 

***************************
APPLICATION FAILED TO START
***************************

Description:

Parameter 0 of constructor in com.example.mainserver.dashboard.infrastructure.DashBoardReaderImpl required a bean of type 'com.example.mainserver.dashboard.infrastructure.DashboardRepository' that could not be found.


Action:

Consider defining a bean of type 'com.example.mainserver.dashboard.infrastructure.DashboardRepository' in your configuration.

2025-08-22 17:43:15.304  [background-preinit] INFO  o.h.validator.internal.util.Version - HV000001: Hibernate Validator 8.0.2.Final
2025-08-22 17:43:15.326  [main] INFO  c.example.mainserver.MainApplication - Starting MainApplication using Java 17.0.16 with PID 15601 (/Users/chyopriushy/Desktop/Project/KUNI_2thecore/back/main-server/build/classes/java/main started by chyopriushy in /Users/chyopriushy/Desktop/Project/KUNI_2thecore)
2025-08-22 17:43:15.327  [main] DEBUG c.example.mainserver.MainApplication - Running with Spring Boot v3.5.3, Spring v6.2.8
2025-08-22 17:43:15.327  [main] INFO  c.example.mainserver.MainApplication - No active profile set, falling back to 1 default profile: "default"
2025-08-22 17:43:15.784  [main] INFO  o.s.d.r.c.RepositoryConfigurationDelegate - Multiple Spring Data modules found, entering strict repository configuration mode
2025-08-22 17:43:15.784  [main] INFO  o.s.d.r.c.RepositoryConfigurationDelegate - Bootstrapping Spring Data JPA repositories in DEFAULT mode.
2025-08-22 17:43:15.866  [main] INFO  o.s.d.r.c.RepositoryConfigurationDelegate - Finished Spring Data repository scanning in 76 ms. Found 4 JPA repository interfaces.
2025-08-22 17:43:16.103  [main] INFO  o.s.d.r.c.RepositoryConfigurationDelegate - Multiple Spring Data modules found, entering strict repository configuration mode
2025-08-22 17:43:16.103  [main] INFO  o.s.d.r.c.RepositoryConfigurationDelegate - Bootstrapping Spring Data Redis repositories in DEFAULT mode.
2025-08-22 17:43:16.114  [main] INFO  o.s.d.r.c.RepositoryConfigurationExtensionSupport - Spring Data Redis - Could not safely identify store assignment for repository candidate interface com.example.mainserver.admin.infrastructure.AdminRepository; If you want this repository to be a Redis repository, consider annotating your entities with one of these annotations: org.springframework.data.redis.core.RedisHash (preferred), or consider extending one of the following types with your repository: org.springframework.data.keyvalue.repository.KeyValueRepository
2025-08-22 17:43:16.114  [main] INFO  o.s.d.r.c.RepositoryConfigurationExtensionSupport - Spring Data Redis - Could not safely identify store assignment for repository candidate interface com.example.mainserver.collector.infrastructure.GpsLogRepository; If you want this repository to be a Redis repository, consider annotating your entities with one of these annotations: org.springframework.data.redis.core.RedisHash (preferred), or consider extending one of the following types with your repository: org.springframework.data.keyvalue.repository.KeyValueRepository
2025-08-22 17:43:16.114  [main] INFO  o.s.d.r.c.RepositoryConfigurationExtensionSupport - Spring Data Redis - Could not safely identify store assignment for repository candidate interface com.example.mainserver.dashboard.infrastructure.DashboardRepository; If you want this repository to be a Redis repository, consider annotating your entities with one of these annotations: org.springframework.data.redis.core.RedisHash (preferred), or consider extending one of the following types with your repository: org.springframework.data.keyvalue.repository.KeyValueRepository
2025-08-22 17:43:16.114  [main] INFO  o.s.d.r.c.RepositoryConfigurationExtensionSupport - Spring Data Redis - Could not safely identify store assignment for repository candidate interface com.example.mainserver.drivelog.domain.DriveLogRepository; If you want this repository to be a Redis repository, consider annotating your entities with one of these annotations: org.springframework.data.redis.core.RedisHash (preferred), or consider extending one of the following types with your repository: org.springframework.data.keyvalue.repository.KeyValueRepository
2025-08-22 17:43:16.114  [main] INFO  o.s.d.r.c.RepositoryConfigurationDelegate - Finished Spring Data repository scanning in 6 ms. Found 0 Redis repository interfaces.
2025-08-22 17:43:16.414  [main] INFO  o.s.b.w.e.tomcat.TomcatWebServer - Tomcat initialized with port 8080 (http)
2025-08-22 17:43:16.420  [main] INFO  o.a.coyote.http11.Http11NioProtocol - Initializing ProtocolHandler ["http-nio-0.0.0.0-8080"]
2025-08-22 17:43:16.420  [main] INFO  o.a.catalina.core.StandardService - Starting service [Tomcat]
2025-08-22 17:43:16.421  [main] INFO  o.a.catalina.core.StandardEngine - Starting Servlet engine: [Apache Tomcat/10.1.42]
2025-08-22 17:43:16.452  [main] INFO  o.a.c.c.C.[Tomcat].[localhost].[/] - Initializing Spring embedded WebApplicationContext
2025-08-22 17:43:16.453  [main] INFO  o.s.b.w.s.c.ServletWebServerApplicationContext - Root WebApplicationContext: initialization completed in 1097 ms
2025-08-22 17:43:16.680  [main] DEBUG c.e.m.a.i.JwtAuthenticationFilter - Filter 'jwtAuthenticationFilter' configured for use
2025-08-22 17:43:16.738  [main] INFO  o.h.jpa.internal.util.LogHelper - HHH000204: Processing PersistenceUnitInfo [name: default]
2025-08-22 17:43:16.762  [main] INFO  org.hibernate.Version - HHH000412: Hibernate ORM core version 6.6.18.Final
2025-08-22 17:43:16.777  [main] INFO  o.h.c.i.RegionFactoryInitiator - HHH000026: Second-level cache disabled
2025-08-22 17:43:16.920  [main] INFO  o.s.o.j.p.SpringPersistenceUnitInfo - No LoadTimeWeaver setup: ignoring JPA class transformer
2025-08-22 17:43:16.934  [main] INFO  com.zaxxer.hikari.HikariDataSource - HikariPool-1 - Starting...
2025-08-22 17:43:17.186  [main] INFO  com.zaxxer.hikari.pool.HikariPool - HikariPool-1 - Added connection com.mysql.cj.jdbc.ConnectionImpl@372e972d
2025-08-22 17:43:17.187  [main] INFO  com.zaxxer.hikari.HikariDataSource - HikariPool-1 - Start completed.
2025-08-22 17:43:17.245  [main] INFO  o.hibernate.orm.connections.pooling - HHH10001005: Database info:
	Database JDBC URL [Connecting through datasource 'HikariDataSource (HikariPool-1)']
	Database driver: undefined/unknown
	Database version: 8.0.42
	Autocommit mode: undefined/unknown
	Isolation level: undefined/unknown
	Minimum pool size: undefined/unknown
	Maximum pool size: undefined/unknown
2025-08-22 17:43:17.667  [main] INFO  o.h.e.t.j.p.i.JtaPlatformInitiator - HHH000489: No JTA platform available (set 'hibernate.transaction.jta.platform' to enable JTA platform integration)
2025-08-22 17:43:17.668  [main] INFO  o.s.o.j.LocalContainerEntityManagerFactoryBean - Initialized JPA EntityManagerFactory for persistence unit 'default'
2025-08-22 17:43:17.836  [main] INFO  o.s.s.c.a.a.c.InitializeUserDetailsBeanManagerConfigurer$InitializeUserDetailsManagerConfigurer - Global AuthenticationManager configured with UserDetailsService bean with name customUserDetailsService
2025-08-22 17:43:17.931  [main] INFO  o.s.d.j.r.query.QueryEnhancerFactory - Hibernate is in classpath; If applicable, HQL parser will be used.
2025-08-22 17:43:18.347  [main] WARN  o.s.b.w.s.c.AnnotationConfigServletWebServerApplicationContext - Exception encountered during context initialization - cancelling refresh attempt: org.springframework.beans.factory.UnsatisfiedDependencyException: Error creating bean with name 'dashboardService' defined in file [/Users/chyopriushy/Desktop/Project/KUNI_2thecore/back/main-server/build/classes/java/main/com/example/mainserver/dashboard/application/DashboardService.class]: Unsatisfied dependency expressed through constructor parameter 0: Error creating bean with name 'dashBoardReaderImpl' defined in file [/Users/chyopriushy/Desktop/Project/KUNI_2thecore/back/main-server/build/classes/java/main/com/example/mainserver/dashboard/infrastructure/DashBoardReaderImpl.class]: Unsatisfied dependency expressed through constructor parameter 0: No qualifying bean of type 'com.example.mainserver.dashboard.infrastructure.DashboardRepository' available: expected at least 1 bean which qualifies as autowire candidate. Dependency annotations: {}
2025-08-22 17:43:18.349  [main] INFO  o.s.o.j.LocalContainerEntityManagerFactoryBean - Closing JPA EntityManagerFactory for persistence unit 'default'
2025-08-22 17:43:18.350  [main] INFO  com.zaxxer.hikari.HikariDataSource - HikariPool-1 - Shutdown initiated...
2025-08-22 17:43:18.591  [main] INFO  com.zaxxer.hikari.HikariDataSource - HikariPool-1 - Shutdown completed.
2025-08-22 17:43:18.710  [main] INFO  o.a.catalina.core.StandardService - Stopping service [Tomcat]
2025-08-22 17:43:18.743  [main] INFO  o.s.b.a.l.ConditionEvaluationReportLogger - 

Error starting ApplicationContext. To display the condition evaluation report re-run your application with 'debug' enabled.
2025-08-22 17:43:18.762  [main] ERROR o.s.b.d.LoggingFailureAnalysisReporter - 

***************************
APPLICATION FAILED TO START
***************************

Description:

Parameter 0 of constructor in com.example.mainserver.dashboard.infrastructure.DashBoardReaderImpl required a bean of type 'com.example.mainserver.dashboard.infrastructure.DashboardRepository' that could not be found.


Action:

Consider defining a bean of type 'com.example.mainserver.dashboard.infrastructure.DashboardRepository' in your configuration.

2025-08-22 17:43:33.575  [background-preinit] INFO  o.h.validator.internal.util.Version - HV000001: Hibernate Validator 8.0.2.Final
2025-08-22 17:43:33.595  [main] INFO  c.example.mainserver.MainApplication - Starting MainApplication using Java 17.0.16 with PID 15619 (/Users/chyopriushy/Desktop/Project/KUNI_2thecore/back/main-server/build/classes/java/main started by chyopriushy in /Users/chyopriushy/Desktop/Project/KUNI_2thecore)
2025-08-22 17:43:33.596  [main] DEBUG c.example.mainserver.MainApplication - Running with Spring Boot v3.5.3, Spring v6.2.8
2025-08-22 17:43:33.596  [main] INFO  c.example.mainserver.MainApplication - No active profile set, falling back to 1 default profile: "default"
2025-08-22 17:43:34.020  [main] INFO  o.s.d.r.c.RepositoryConfigurationDelegate - Multiple Spring Data modules found, entering strict repository configuration mode
2025-08-22 17:43:34.020  [main] INFO  o.s.d.r.c.RepositoryConfigurationDelegate - Bootstrapping Spring Data JPA repositories in DEFAULT mode.
2025-08-22 17:43:34.095  [main] INFO  o.s.d.r.c.RepositoryConfigurationDelegate - Finished Spring Data repository scanning in 69 ms. Found 4 JPA repository interfaces.
2025-08-22 17:43:34.347  [main] INFO  o.s.d.r.c.RepositoryConfigurationDelegate - Multiple Spring Data modules found, entering strict repository configuration mode
2025-08-22 17:43:34.347  [main] INFO  o.s.d.r.c.RepositoryConfigurationDelegate - Bootstrapping Spring Data Redis repositories in DEFAULT mode.
2025-08-22 17:43:34.358  [main] INFO  o.s.d.r.c.RepositoryConfigurationExtensionSupport - Spring Data Redis - Could not safely identify store assignment for repository candidate interface com.example.mainserver.admin.infrastructure.AdminRepository; If you want this repository to be a Redis repository, consider annotating your entities with one of these annotations: org.springframework.data.redis.core.RedisHash (preferred), or consider extending one of the following types with your repository: org.springframework.data.keyvalue.repository.KeyValueRepository
2025-08-22 17:43:34.358  [main] INFO  o.s.d.r.c.RepositoryConfigurationExtensionSupport - Spring Data Redis - Could not safely identify store assignment for repository candidate interface com.example.mainserver.collector.infrastructure.GpsLogRepository; If you want this repository to be a Redis repository, consider annotating your entities with one of these annotations: org.springframework.data.redis.core.RedisHash (preferred), or consider extending one of the following types with your repository: org.springframework.data.keyvalue.repository.KeyValueRepository
2025-08-22 17:43:34.359  [main] INFO  o.s.d.r.c.RepositoryConfigurationExtensionSupport - Spring Data Redis - Could not safely identify store assignment for repository candidate interface com.example.mainserver.dashboard.infrastructure.DashboardRepository; If you want this repository to be a Redis repository, consider annotating your entities with one of these annotations: org.springframework.data.redis.core.RedisHash (preferred), or consider extending one of the following types with your repository: org.springframework.data.keyvalue.repository.KeyValueRepository
2025-08-22 17:43:34.359  [main] INFO  o.s.d.r.c.RepositoryConfigurationExtensionSupport - Spring Data Redis - Could not safely identify store assignment for repository candidate interface com.example.mainserver.drivelog.domain.DriveLogRepository; If you want this repository to be a Redis repository, consider annotating your entities with one of these annotations: org.springframework.data.redis.core.RedisHash (preferred), or consider extending one of the following types with your repository: org.springframework.data.keyvalue.repository.KeyValueRepository
2025-08-22 17:43:34.359  [main] INFO  o.s.d.r.c.RepositoryConfigurationDelegate - Finished Spring Data repository scanning in 7 ms. Found 0 Redis repository interfaces.
2025-08-22 17:43:34.673  [main] INFO  o.s.b.w.e.tomcat.TomcatWebServer - Tomcat initialized with port 8080 (http)
2025-08-22 17:43:34.679  [main] INFO  o.a.coyote.http11.Http11NioProtocol - Initializing ProtocolHandler ["http-nio-0.0.0.0-8080"]
2025-08-22 17:43:34.680  [main] INFO  o.a.catalina.core.StandardService - Starting service [Tomcat]
2025-08-22 17:43:34.680  [main] INFO  o.a.catalina.core.StandardEngine - Starting Servlet engine: [Apache Tomcat/10.1.42]
2025-08-22 17:43:34.706  [main] INFO  o.a.c.c.C.[Tomcat].[localhost].[/] - Initializing Spring embedded WebApplicationContext
2025-08-22 17:43:34.706  [main] INFO  o.s.b.w.s.c.ServletWebServerApplicationContext - Root WebApplicationContext: initialization completed in 1083 ms
2025-08-22 17:43:34.933  [main] DEBUG c.e.m.a.i.JwtAuthenticationFilter - Filter 'jwtAuthenticationFilter' configured for use
2025-08-22 17:43:34.998  [main] INFO  o.h.jpa.internal.util.LogHelper - HHH000204: Processing PersistenceUnitInfo [name: default]
2025-08-22 17:43:35.022  [main] INFO  org.hibernate.Version - HHH000412: Hibernate ORM core version 6.6.18.Final
2025-08-22 17:43:35.038  [main] INFO  o.h.c.i.RegionFactoryInitiator - HHH000026: Second-level cache disabled
2025-08-22 17:43:35.189  [main] INFO  o.s.o.j.p.SpringPersistenceUnitInfo - No LoadTimeWeaver setup: ignoring JPA class transformer
2025-08-22 17:43:35.203  [main] INFO  com.zaxxer.hikari.HikariDataSource - HikariPool-1 - Starting...
2025-08-22 17:43:35.588  [main] INFO  com.zaxxer.hikari.pool.HikariPool - HikariPool-1 - Added connection com.mysql.cj.jdbc.ConnectionImpl@15ae31b
2025-08-22 17:43:35.590  [main] INFO  com.zaxxer.hikari.HikariDataSource - HikariPool-1 - Start completed.
2025-08-22 17:43:35.675  [main] INFO  o.hibernate.orm.connections.pooling - HHH10001005: Database info:
	Database JDBC URL [Connecting through datasource 'HikariDataSource (HikariPool-1)']
	Database driver: undefined/unknown
	Database version: 8.0.42
	Autocommit mode: undefined/unknown
	Isolation level: undefined/unknown
	Minimum pool size: undefined/unknown
	Maximum pool size: undefined/unknown
2025-08-22 17:43:36.109  [main] INFO  o.h.e.t.j.p.i.JtaPlatformInitiator - HHH000489: No JTA platform available (set 'hibernate.transaction.jta.platform' to enable JTA platform integration)
2025-08-22 17:43:36.111  [main] INFO  o.s.o.j.LocalContainerEntityManagerFactoryBean - Initialized JPA EntityManagerFactory for persistence unit 'default'
2025-08-22 17:43:36.286  [main] INFO  o.s.s.c.a.a.c.InitializeUserDetailsBeanManagerConfigurer$InitializeUserDetailsManagerConfigurer - Global AuthenticationManager configured with UserDetailsService bean with name customUserDetailsService
2025-08-22 17:43:36.382  [main] INFO  o.s.d.j.r.query.QueryEnhancerFactory - Hibernate is in classpath; If applicable, HQL parser will be used.
2025-08-22 17:43:36.811  [main] WARN  o.s.b.w.s.c.AnnotationConfigServletWebServerApplicationContext - Exception encountered during context initialization - cancelling refresh attempt: org.springframework.beans.factory.UnsatisfiedDependencyException: Error creating bean with name 'dashboardService' defined in file [/Users/chyopriushy/Desktop/Project/KUNI_2thecore/back/main-server/build/classes/java/main/com/example/mainserver/dashboard/application/DashboardService.class]: Unsatisfied dependency expressed through constructor parameter 0: Error creating bean with name 'dashBoardReaderImpl' defined in file [/Users/chyopriushy/Desktop/Project/KUNI_2thecore/back/main-server/build/classes/java/main/com/example/mainserver/dashboard/infrastructure/DashBoardReaderImpl.class]: Unsatisfied dependency expressed through constructor parameter 0: No qualifying bean of type 'com.example.mainserver.dashboard.infrastructure.DashboardRepository' available: expected at least 1 bean which qualifies as autowire candidate. Dependency annotations: {}
2025-08-22 17:43:36.813  [main] INFO  o.s.o.j.LocalContainerEntityManagerFactoryBean - Closing JPA EntityManagerFactory for persistence unit 'default'
2025-08-22 17:43:36.814  [main] INFO  com.zaxxer.hikari.HikariDataSource - HikariPool-1 - Shutdown initiated...
2025-08-22 17:43:36.923  [main] INFO  com.zaxxer.hikari.HikariDataSource - HikariPool-1 - Shutdown completed.
2025-08-22 17:43:37.038  [main] INFO  o.a.catalina.core.StandardService - Stopping service [Tomcat]
2025-08-22 17:43:37.064  [main] INFO  o.s.b.a.l.ConditionEvaluationReportLogger - 

Error starting ApplicationContext. To display the condition evaluation report re-run your application with 'debug' enabled.
2025-08-22 17:43:37.080  [main] ERROR o.s.b.d.LoggingFailureAnalysisReporter - 

***************************
APPLICATION FAILED TO START
***************************

Description:

Parameter 0 of constructor in com.example.mainserver.dashboard.infrastructure.DashBoardReaderImpl required a bean of type 'com.example.mainserver.dashboard.infrastructure.DashboardRepository' that could not be found.


Action:

Consider defining a bean of type 'com.example.mainserver.dashboard.infrastructure.DashboardRepository' in your configuration.

2025-08-22 17:44:49.165  [background-preinit] INFO  o.h.validator.internal.util.Version - HV000001: Hibernate Validator 8.0.2.Final
2025-08-22 17:44:49.186  [main] INFO  c.example.mainserver.MainApplication - Starting MainApplication using Java 17.0.16 with PID 15650 (/Users/chyopriushy/Desktop/Project/KUNI_2thecore/back/main-server/build/classes/java/main started by chyopriushy in /Users/chyopriushy/Desktop/Project/KUNI_2thecore)
2025-08-22 17:44:49.186  [main] DEBUG c.example.mainserver.MainApplication - Running with Spring Boot v3.5.3, Spring v6.2.8
2025-08-22 17:44:49.187  [main] INFO  c.example.mainserver.MainApplication - No active profile set, falling back to 1 default profile: "default"
2025-08-22 17:44:49.616  [main] INFO  o.s.d.r.c.RepositoryConfigurationDelegate - Multiple Spring Data modules found, entering strict repository configuration mode
2025-08-22 17:44:49.616  [main] INFO  o.s.d.r.c.RepositoryConfigurationDelegate - Bootstrapping Spring Data JPA repositories in DEFAULT mode.
2025-08-22 17:44:49.690  [main] INFO  o.s.d.r.c.RepositoryConfigurationDelegate - Finished Spring Data repository scanning in 69 ms. Found 5 JPA repository interfaces.
2025-08-22 17:44:49.943  [main] INFO  o.s.d.r.c.RepositoryConfigurationDelegate - Multiple Spring Data modules found, entering strict repository configuration mode
2025-08-22 17:44:49.944  [main] INFO  o.s.d.r.c.RepositoryConfigurationDelegate - Bootstrapping Spring Data Redis repositories in DEFAULT mode.
2025-08-22 17:44:49.955  [main] INFO  o.s.d.r.c.RepositoryConfigurationExtensionSupport - Spring Data Redis - Could not safely identify store assignment for repository candidate interface com.example.mainserver.admin.infrastructure.AdminRepository; If you want this repository to be a Redis repository, consider annotating your entities with one of these annotations: org.springframework.data.redis.core.RedisHash (preferred), or consider extending one of the following types with your repository: org.springframework.data.keyvalue.repository.KeyValueRepository
2025-08-22 17:44:49.955  [main] INFO  o.s.d.r.c.RepositoryConfigurationExtensionSupport - Spring Data Redis - Could not safely identify store assignment for repository candidate interface com.example.mainserver.collector.infrastructure.GpsLogRepository; If you want this repository to be a Redis repository, consider annotating your entities with one of these annotations: org.springframework.data.redis.core.RedisHash (preferred), or consider extending one of the following types with your repository: org.springframework.data.keyvalue.repository.KeyValueRepository
2025-08-22 17:44:49.955  [main] INFO  o.s.d.r.c.RepositoryConfigurationExtensionSupport - Spring Data Redis - Could not safely identify store assignment for repository candidate interface com.example.mainserver.dashboard.infrastructure.DashboardRepository; If you want this repository to be a Redis repository, consider annotating your entities with one of these annotations: org.springframework.data.redis.core.RedisHash (preferred), or consider extending one of the following types with your repository: org.springframework.data.keyvalue.repository.KeyValueRepository
2025-08-22 17:44:49.955  [main] INFO  o.s.d.r.c.RepositoryConfigurationExtensionSupport - Spring Data Redis - Could not safely identify store assignment for repository candidate interface com.example.mainserver.drivelog.domain.DriveLogRepository; If you want this repository to be a Redis repository, consider annotating your entities with one of these annotations: org.springframework.data.redis.core.RedisHash (preferred), or consider extending one of the following types with your repository: org.springframework.data.keyvalue.repository.KeyValueRepository
2025-08-22 17:44:49.955  [main] INFO  o.s.d.r.c.RepositoryConfigurationDelegate - Finished Spring Data repository scanning in 6 ms. Found 0 Redis repository interfaces.
2025-08-22 17:44:50.261  [main] INFO  o.s.b.w.e.tomcat.TomcatWebServer - Tomcat initialized with port 8080 (http)
2025-08-22 17:44:50.267  [main] INFO  o.a.coyote.http11.Http11NioProtocol - Initializing ProtocolHandler ["http-nio-0.0.0.0-8080"]
2025-08-22 17:44:50.268  [main] INFO  o.a.catalina.core.StandardService - Starting service [Tomcat]
2025-08-22 17:44:50.268  [main] INFO  o.a.catalina.core.StandardEngine - Starting Servlet engine: [Apache Tomcat/10.1.42]
2025-08-22 17:44:50.295  [main] INFO  o.a.c.c.C.[Tomcat].[localhost].[/] - Initializing Spring embedded WebApplicationContext
2025-08-22 17:44:50.295  [main] INFO  o.s.b.w.s.c.ServletWebServerApplicationContext - Root WebApplicationContext: initialization completed in 1078 ms
2025-08-22 17:44:50.541  [main] DEBUG c.e.m.a.i.JwtAuthenticationFilter - Filter 'jwtAuthenticationFilter' configured for use
2025-08-22 17:44:50.600  [main] INFO  o.h.jpa.internal.util.LogHelper - HHH000204: Processing PersistenceUnitInfo [name: default]
2025-08-22 17:44:50.623  [main] INFO  org.hibernate.Version - HHH000412: Hibernate ORM core version 6.6.18.Final
2025-08-22 17:44:50.637  [main] INFO  o.h.c.i.RegionFactoryInitiator - HHH000026: Second-level cache disabled
2025-08-22 17:44:50.784  [main] INFO  o.s.o.j.p.SpringPersistenceUnitInfo - No LoadTimeWeaver setup: ignoring JPA class transformer
2025-08-22 17:44:50.800  [main] INFO  com.zaxxer.hikari.HikariDataSource - HikariPool-1 - Starting...
2025-08-22 17:44:51.088  [main] INFO  com.zaxxer.hikari.pool.HikariPool - HikariPool-1 - Added connection com.mysql.cj.jdbc.ConnectionImpl@18ed9480
2025-08-22 17:44:51.089  [main] INFO  com.zaxxer.hikari.HikariDataSource - HikariPool-1 - Start completed.
2025-08-22 17:44:51.159  [main] INFO  o.hibernate.orm.connections.pooling - HHH10001005: Database info:
	Database JDBC URL [Connecting through datasource 'HikariDataSource (HikariPool-1)']
	Database driver: undefined/unknown
	Database version: 8.0.42
	Autocommit mode: undefined/unknown
	Isolation level: undefined/unknown
	Minimum pool size: undefined/unknown
	Maximum pool size: undefined/unknown
2025-08-22 17:44:51.582  [main] INFO  o.h.e.t.j.p.i.JtaPlatformInitiator - HHH000489: No JTA platform available (set 'hibernate.transaction.jta.platform' to enable JTA platform integration)
2025-08-22 17:44:51.583  [main] INFO  o.s.o.j.LocalContainerEntityManagerFactoryBean - Initialized JPA EntityManagerFactory for persistence unit 'default'
2025-08-22 17:44:51.752  [main] INFO  o.s.s.c.a.a.c.InitializeUserDetailsBeanManagerConfigurer$InitializeUserDetailsManagerConfigurer - Global AuthenticationManager configured with UserDetailsService bean with name customUserDetailsService
2025-08-22 17:44:51.847  [main] INFO  o.s.d.j.r.query.QueryEnhancerFactory - Hibernate is in classpath; If applicable, HQL parser will be used.
2025-08-22 17:44:52.412  [main] WARN  o.s.b.a.o.j.JpaBaseConfiguration$JpaWebConfiguration - spring.jpa.open-in-view is enabled by default. Therefore, database queries may be performed during view rendering. Explicitly configure spring.jpa.open-in-view to disable this warning
2025-08-22 17:44:52.582  [main] INFO  o.s.b.a.e.web.EndpointLinksResolver - Exposing 3 endpoints beneath base path '/actuator'
2025-08-22 17:44:52.946  [main] INFO  o.a.coyote.http11.Http11NioProtocol - Starting ProtocolHandler ["http-nio-0.0.0.0-8080"]
2025-08-22 17:44:52.953  [main] INFO  o.s.b.w.e.tomcat.TomcatWebServer - Tomcat started on port 8080 (http) with context path '/'
2025-08-22 17:44:52.964  [main] INFO  c.example.mainserver.MainApplication - Started MainApplication in 4.013 seconds (process running for 4.282)
2025-08-22 17:44:53.491  [RMI TCP Connection(4)-127.0.0.1] INFO  o.s.a.r.c.CachingConnectionFactory - Attempting to connect to: [localhost:5672]
2025-08-22 17:44:53.491  [RMI TCP Connection(2)-127.0.0.1] INFO  o.a.c.c.C.[Tomcat].[localhost].[/] - Initializing Spring DispatcherServlet 'dispatcherServlet'
2025-08-22 17:44:53.491  [RMI TCP Connection(2)-127.0.0.1] INFO  o.s.web.servlet.DispatcherServlet - Initializing Servlet 'dispatcherServlet'
2025-08-22 17:44:53.492  [RMI TCP Connection(2)-127.0.0.1] INFO  o.s.web.servlet.DispatcherServlet - Completed initialization in 1 ms
2025-08-22 17:44:53.527  [RMI TCP Connection(4)-127.0.0.1] INFO  o.s.a.r.c.CachingConnectionFactory - Created new connection: rabbitConnectionFactory#3b89f41a:0/SimpleConnection@4d72629b [delegate=amqp://2thecore@127.0.0.1:5672/, localPort=51920]
2025-08-22 17:45:03.943  [http-nio-0.0.0.0-8080-exec-1] DEBUG c.e.m.a.i.JwtAuthenticationFilter - Request URI: /
2025-08-22 17:45:03.943  [http-nio-0.0.0.0-8080-exec-1] DEBUG c.e.m.a.i.JwtAuthenticationFilter - Authorization Header: null
2025-08-22 17:45:03.944  [http-nio-0.0.0.0-8080-exec-1] DEBUG c.e.m.a.i.JwtAuthenticationFilter - Cookies: [jakarta.servlet.http.Cookie@5065b6b5{refreshToken=eyJ0eXAiOiJKV1QiLCJhbGciOiJIUzI1NiJ9.eyJzdWIiOiJkZXYiLCJsb2dpbklkIjoiZGV2IiwidG9rZW5fdHlwZSI6InJlZnJlc2giLCJpYXQiOjE3NTU3NDMzNjgsImV4cCI6MTc1NjM0ODE2OH0.91ECzQBXOs46-4AREfD3iclLG3yvr-oxq6Qgx3tqagc,null}, jakarta.servlet.http.Cookie@20d8c{m=,null}, jakarta.servlet.http.Cookie@aa7eaf7b{JSESSIONID=B35903BB97B21B2D322CF73AB9749DC7,null}]
2025-08-22 17:45:03.944  [http-nio-0.0.0.0-8080-exec-1] WARN  c.e.m.a.i.JwtAuthenticationFilter - 401 Unauthorized: Authorization 헤더 없음
2025-08-22 17:45:03.981  [http-nio-0.0.0.0-8080-exec-2] DEBUG c.e.m.a.i.JwtAuthenticationFilter - Request URI: /apple-touch-icon-precomposed.png
2025-08-22 17:45:03.981  [http-nio-0.0.0.0-8080-exec-2] DEBUG c.e.m.a.i.JwtAuthenticationFilter - Authorization Header: null
2025-08-22 17:45:03.981  [http-nio-0.0.0.0-8080-exec-2] DEBUG c.e.m.a.i.JwtAuthenticationFilter - Cookies: none
2025-08-22 17:45:03.981  [http-nio-0.0.0.0-8080-exec-2] WARN  c.e.m.a.i.JwtAuthenticationFilter - 401 Unauthorized: Authorization 헤더 없음
2025-08-22 17:45:04.061  [http-nio-0.0.0.0-8080-exec-3] DEBUG c.e.m.a.i.JwtAuthenticationFilter - Request URI: /apple-touch-icon.png
2025-08-22 17:45:04.062  [http-nio-0.0.0.0-8080-exec-3] DEBUG c.e.m.a.i.JwtAuthenticationFilter - Authorization Header: null
2025-08-22 17:45:04.062  [http-nio-0.0.0.0-8080-exec-3] DEBUG c.e.m.a.i.JwtAuthenticationFilter - Cookies: none
2025-08-22 17:45:04.063  [http-nio-0.0.0.0-8080-exec-3] WARN  c.e.m.a.i.JwtAuthenticationFilter - 401 Unauthorized: Authorization 헤더 없음
2025-08-22 17:45:05.723  [http-nio-0.0.0.0-8080-exec-1] INFO  o.s.api.AbstractOpenApiResource - Init duration for springdoc-openapi is: 520 ms
2025-08-22 17:45:35.444  [http-nio-0.0.0.0-8080-exec-9] DEBUG c.e.m.a.i.JwtAuthenticationFilter - Request URI: /api/dashboard
2025-08-22 17:45:35.445  [http-nio-0.0.0.0-8080-exec-9] DEBUG c.e.m.a.i.JwtAuthenticationFilter - Authorization Header: Bearer eyJ0eXAiOiJKV1QiLCJhbGciOiJIUzI1NiJ9.eyJzdWIiOiJkZXYiLCJ0b2tlbl90eXBlIjoiYWNjZXNzIiwibG9naW5JZCI6ImRldiIsImlhdCI6MTc1NTg1MjMxNiwiZXhwIjoxNzU1OTEyMzE2fQ.4OWD8dglYnOOGyQGLiUcwM6THfYLOTbnmjAhAAkcNwg
2025-08-22 17:45:35.445  [http-nio-0.0.0.0-8080-exec-9] DEBUG c.e.m.a.i.JwtAuthenticationFilter - Cookies: [jakarta.servlet.http.Cookie@c8bc61ec{refreshToken=eyJ0eXAiOiJKV1QiLCJhbGciOiJIUzI1NiJ9.eyJzdWIiOiJkZXYiLCJ0b2tlbl90eXBlIjoicmVmcmVzaCIsImxvZ2luSWQiOiJkZXYiLCJpYXQiOjE3NTU4NTIzMTYsImV4cCI6MTc1NjQ1NzExNn0.DQ_mIpY4v9MbNxtsU_dHXhXkuQjZihOWLDRMNDUU2S0,null}, jakarta.servlet.http.Cookie@20d8c{m=,null}, jakarta.servlet.http.Cookie@aa7eaf7b{JSESSIONID=B35903BB97B21B2D322CF73AB9749DC7,null}]
2025-08-22 17:45:35.462  [http-nio-0.0.0.0-8080-exec-9] DEBUG c.e.m.a.i.JwtAuthenticationFilter - Access token 유효함
2025-08-22 17:45:35.474  [http-nio-0.0.0.0-8080-exec-9] DEBUG c.e.m.a.i.JwtAuthenticationFilter - Access token에서 loginId 추출: dev
2025-08-22 17:46:28.727  [SpringApplicationShutdownHook] INFO  o.s.b.w.e.tomcat.GracefulShutdown - Commencing graceful shutdown. Waiting for active requests to complete
2025-08-22 17:46:28.729  [tomcat-shutdown] INFO  o.s.b.w.e.tomcat.GracefulShutdown - Graceful shutdown complete
2025-08-22 17:46:28.863  [SpringApplicationShutdownHook] INFO  o.s.o.j.LocalContainerEntityManagerFactoryBean - Closing JPA EntityManagerFactory for persistence unit 'default'
2025-08-22 17:46:28.865  [SpringApplicationShutdownHook] INFO  com.zaxxer.hikari.HikariDataSource - HikariPool-1 - Shutdown initiated...
2025-08-22 17:46:28.877  [SpringApplicationShutdownHook] INFO  com.zaxxer.hikari.HikariDataSource - HikariPool-1 - Shutdown completed.
2025-08-22 17:46:31.483  [background-preinit] INFO  o.h.validator.internal.util.Version - HV000001: Hibernate Validator 8.0.2.Final
2025-08-22 17:46:31.506  [main] INFO  c.example.mainserver.MainApplication - Starting MainApplication using Java 17.0.16 with PID 15669 (/Users/chyopriushy/Desktop/Project/KUNI_2thecore/back/main-server/build/classes/java/main started by chyopriushy in /Users/chyopriushy/Desktop/Project/KUNI_2thecore)
2025-08-22 17:46:31.507  [main] DEBUG c.example.mainserver.MainApplication - Running with Spring Boot v3.5.3, Spring v6.2.8
2025-08-22 17:46:31.507  [main] INFO  c.example.mainserver.MainApplication - No active profile set, falling back to 1 default profile: "default"
2025-08-22 17:46:31.939  [main] INFO  o.s.d.r.c.RepositoryConfigurationDelegate - Multiple Spring Data modules found, entering strict repository configuration mode
2025-08-22 17:46:31.939  [main] INFO  o.s.d.r.c.RepositoryConfigurationDelegate - Bootstrapping Spring Data JPA repositories in DEFAULT mode.
2025-08-22 17:46:32.017  [main] INFO  o.s.d.r.c.RepositoryConfigurationDelegate - Finished Spring Data repository scanning in 73 ms. Found 5 JPA repository interfaces.
2025-08-22 17:46:32.253  [main] INFO  o.s.d.r.c.RepositoryConfigurationDelegate - Multiple Spring Data modules found, entering strict repository configuration mode
2025-08-22 17:46:32.274  [main] INFO  o.s.d.r.c.RepositoryConfigurationDelegate - Bootstrapping Spring Data Redis repositories in DEFAULT mode.
2025-08-22 17:46:32.288  [main] INFO  o.s.d.r.c.RepositoryConfigurationExtensionSupport - Spring Data Redis - Could not safely identify store assignment for repository candidate interface com.example.mainserver.admin.infrastructure.AdminRepository; If you want this repository to be a Redis repository, consider annotating your entities with one of these annotations: org.springframework.data.redis.core.RedisHash (preferred), or consider extending one of the following types with your repository: org.springframework.data.keyvalue.repository.KeyValueRepository
2025-08-22 17:46:32.288  [main] INFO  o.s.d.r.c.RepositoryConfigurationExtensionSupport - Spring Data Redis - Could not safely identify store assignment for repository candidate interface com.example.mainserver.collector.infrastructure.GpsLogRepository; If you want this repository to be a Redis repository, consider annotating your entities with one of these annotations: org.springframework.data.redis.core.RedisHash (preferred), or consider extending one of the following types with your repository: org.springframework.data.keyvalue.repository.KeyValueRepository
2025-08-22 17:46:32.288  [main] INFO  o.s.d.r.c.RepositoryConfigurationExtensionSupport - Spring Data Redis - Could not safely identify store assignment for repository candidate interface com.example.mainserver.dashboard.infrastructure.DashboardRepository; If you want this repository to be a Redis repository, consider annotating your entities with one of these annotations: org.springframework.data.redis.core.RedisHash (preferred), or consider extending one of the following types with your repository: org.springframework.data.keyvalue.repository.KeyValueRepository
2025-08-22 17:46:32.288  [main] INFO  o.s.d.r.c.RepositoryConfigurationExtensionSupport - Spring Data Redis - Could not safely identify store assignment for repository candidate interface com.example.mainserver.drivelog.domain.DriveLogRepository; If you want this repository to be a Redis repository, consider annotating your entities with one of these annotations: org.springframework.data.redis.core.RedisHash (preferred), or consider extending one of the following types with your repository: org.springframework.data.keyvalue.repository.KeyValueRepository
2025-08-22 17:46:32.288  [main] INFO  o.s.d.r.c.RepositoryConfigurationDelegate - Finished Spring Data repository scanning in 7 ms. Found 0 Redis repository interfaces.
2025-08-22 17:46:32.588  [main] INFO  o.s.b.w.e.tomcat.TomcatWebServer - Tomcat initialized with port 8080 (http)
2025-08-22 17:46:32.593  [main] INFO  o.a.coyote.http11.Http11NioProtocol - Initializing ProtocolHandler ["http-nio-0.0.0.0-8080"]
2025-08-22 17:46:32.594  [main] INFO  o.a.catalina.core.StandardService - Starting service [Tomcat]
2025-08-22 17:46:32.594  [main] INFO  o.a.catalina.core.StandardEngine - Starting Servlet engine: [Apache Tomcat/10.1.42]
2025-08-22 17:46:32.625  [main] INFO  o.a.c.c.C.[Tomcat].[localhost].[/] - Initializing Spring embedded WebApplicationContext
2025-08-22 17:46:32.625  [main] INFO  o.s.b.w.s.c.ServletWebServerApplicationContext - Root WebApplicationContext: initialization completed in 1097 ms
2025-08-22 17:46:32.853  [main] DEBUG c.e.m.a.i.JwtAuthenticationFilter - Filter 'jwtAuthenticationFilter' configured for use
2025-08-22 17:46:32.922  [main] INFO  o.h.jpa.internal.util.LogHelper - HHH000204: Processing PersistenceUnitInfo [name: default]
2025-08-22 17:46:32.947  [main] INFO  org.hibernate.Version - HHH000412: Hibernate ORM core version 6.6.18.Final
2025-08-22 17:46:32.961  [main] INFO  o.h.c.i.RegionFactoryInitiator - HHH000026: Second-level cache disabled
2025-08-22 17:46:33.101  [main] INFO  o.s.o.j.p.SpringPersistenceUnitInfo - No LoadTimeWeaver setup: ignoring JPA class transformer
2025-08-22 17:46:33.115  [main] INFO  com.zaxxer.hikari.HikariDataSource - HikariPool-1 - Starting...
2025-08-22 17:46:33.427  [main] INFO  com.zaxxer.hikari.pool.HikariPool - HikariPool-1 - Added connection com.mysql.cj.jdbc.ConnectionImpl@18ed9480
2025-08-22 17:46:33.428  [main] INFO  com.zaxxer.hikari.HikariDataSource - HikariPool-1 - Start completed.
2025-08-22 17:46:33.496  [main] INFO  o.hibernate.orm.connections.pooling - HHH10001005: Database info:
	Database JDBC URL [Connecting through datasource 'HikariDataSource (HikariPool-1)']
	Database driver: undefined/unknown
	Database version: 8.0.42
	Autocommit mode: undefined/unknown
	Isolation level: undefined/unknown
	Minimum pool size: undefined/unknown
	Maximum pool size: undefined/unknown
2025-08-22 17:46:33.921  [main] INFO  o.h.e.t.j.p.i.JtaPlatformInitiator - HHH000489: No JTA platform available (set 'hibernate.transaction.jta.platform' to enable JTA platform integration)
2025-08-22 17:46:33.922  [main] INFO  o.s.o.j.LocalContainerEntityManagerFactoryBean - Initialized JPA EntityManagerFactory for persistence unit 'default'
2025-08-22 17:46:34.084  [main] INFO  o.s.s.c.a.a.c.InitializeUserDetailsBeanManagerConfigurer$InitializeUserDetailsManagerConfigurer - Global AuthenticationManager configured with UserDetailsService bean with name customUserDetailsService
2025-08-22 17:46:34.176  [main] INFO  o.s.d.j.r.query.QueryEnhancerFactory - Hibernate is in classpath; If applicable, HQL parser will be used.
2025-08-22 17:46:34.741  [main] WARN  o.s.b.a.o.j.JpaBaseConfiguration$JpaWebConfiguration - spring.jpa.open-in-view is enabled by default. Therefore, database queries may be performed during view rendering. Explicitly configure spring.jpa.open-in-view to disable this warning
2025-08-22 17:46:34.916  [main] INFO  o.s.b.a.e.web.EndpointLinksResolver - Exposing 3 endpoints beneath base path '/actuator'
2025-08-22 17:46:35.279  [main] INFO  o.a.coyote.http11.Http11NioProtocol - Starting ProtocolHandler ["http-nio-0.0.0.0-8080"]
2025-08-22 17:46:35.285  [main] INFO  o.s.b.w.e.tomcat.TomcatWebServer - Tomcat started on port 8080 (http) with context path '/'
2025-08-22 17:46:35.297  [main] INFO  c.example.mainserver.MainApplication - Started MainApplication in 4.024 seconds (process running for 4.288)
2025-08-22 17:46:35.783  [RMI TCP Connection(2)-127.0.0.1] INFO  o.a.c.c.C.[Tomcat].[localhost].[/] - Initializing Spring DispatcherServlet 'dispatcherServlet'
2025-08-22 17:46:35.783  [RMI TCP Connection(2)-127.0.0.1] INFO  o.s.web.servlet.DispatcherServlet - Initializing Servlet 'dispatcherServlet'
2025-08-22 17:46:35.783  [RMI TCP Connection(4)-127.0.0.1] INFO  o.s.a.r.c.CachingConnectionFactory - Attempting to connect to: [localhost:5672]
2025-08-22 17:46:35.784  [RMI TCP Connection(2)-127.0.0.1] INFO  o.s.web.servlet.DispatcherServlet - Completed initialization in 1 ms
2025-08-22 17:46:35.820  [RMI TCP Connection(4)-127.0.0.1] INFO  o.s.a.r.c.CachingConnectionFactory - Created new connection: rabbitConnectionFactory#772ccecf:0/SimpleConnection@5f5b3f48 [delegate=amqp://2thecore@127.0.0.1:5672/, localPort=51973]
2025-08-22 17:46:38.664  [http-nio-0.0.0.0-8080-exec-9] INFO  o.s.api.AbstractOpenApiResource - Init duration for springdoc-openapi is: 249 ms
2025-08-22 17:46:50.770  [http-nio-0.0.0.0-8080-exec-10] DEBUG c.e.m.a.i.JwtAuthenticationFilter - Request URI: /api/dashboard
2025-08-22 17:46:50.771  [http-nio-0.0.0.0-8080-exec-10] DEBUG c.e.m.a.i.JwtAuthenticationFilter - Authorization Header: null
2025-08-22 17:46:50.772  [http-nio-0.0.0.0-8080-exec-10] DEBUG c.e.m.a.i.JwtAuthenticationFilter - Cookies: [jakarta.servlet.http.Cookie@c8bc61ec{refreshToken=eyJ0eXAiOiJKV1QiLCJhbGciOiJIUzI1NiJ9.eyJzdWIiOiJkZXYiLCJ0b2tlbl90eXBlIjoicmVmcmVzaCIsImxvZ2luSWQiOiJkZXYiLCJpYXQiOjE3NTU4NTIzMTYsImV4cCI6MTc1NjQ1NzExNn0.DQ_mIpY4v9MbNxtsU_dHXhXkuQjZihOWLDRMNDUU2S0,null}, jakarta.servlet.http.Cookie@20d8c{m=,null}, jakarta.servlet.http.Cookie@aa7eaf7b{JSESSIONID=B35903BB97B21B2D322CF73AB9749DC7,null}]
2025-08-22 17:46:50.772  [http-nio-0.0.0.0-8080-exec-10] WARN  c.e.m.a.i.JwtAuthenticationFilter - 401 Unauthorized: Authorization 헤더 없음
2025-08-22 17:47:18.575  [http-nio-0.0.0.0-8080-exec-4] DEBUG c.e.m.a.i.JwtAuthenticationFilter - Request URI: /api/dashboard
2025-08-22 17:47:18.575  [http-nio-0.0.0.0-8080-exec-4] DEBUG c.e.m.a.i.JwtAuthenticationFilter - Authorization Header: Bearer eyJ0eXAiOiJKV1QiLCJhbGciOiJIUzI1NiJ9.eyJzdWIiOiJkZXYiLCJsb2dpbklkIjoiZGV2IiwidG9rZW5fdHlwZSI6ImFjY2VzcyIsImlhdCI6MTc1NTg1MjQyNCwiZXhwIjoxNzU1OTEyNDI0fQ.X1uA0dTGlcekXLT6NvX9oy-6aWvOw0esqqDUW_B08LY
2025-08-22 17:47:18.575  [http-nio-0.0.0.0-8080-exec-4] DEBUG c.e.m.a.i.JwtAuthenticationFilter - Cookies: [jakarta.servlet.http.Cookie@63378c42{refreshToken=eyJ0eXAiOiJKV1QiLCJhbGciOiJIUzI1NiJ9.eyJzdWIiOiJkZXYiLCJsb2dpbklkIjoiZGV2IiwidG9rZW5fdHlwZSI6InJlZnJlc2giLCJpYXQiOjE3NTU4NTI0MjQsImV4cCI6MTc1NjQ1NzIyNH0._MYJ9D-IydErV9DSYDkEf99m8NqVRNH9jTMYF5GHRY0,null}, jakarta.servlet.http.Cookie@20d8c{m=,null}, jakarta.servlet.http.Cookie@aa7eaf7b{JSESSIONID=B35903BB97B21B2D322CF73AB9749DC7,null}]
2025-08-22 17:47:18.595  [http-nio-0.0.0.0-8080-exec-4] DEBUG c.e.m.a.i.JwtAuthenticationFilter - Access token 유효함
2025-08-22 17:47:18.600  [http-nio-0.0.0.0-8080-exec-4] DEBUG c.e.m.a.i.JwtAuthenticationFilter - Access token에서 loginId 추출: dev
2025-08-22 18:10:17.398  [SpringApplicationShutdownHook] INFO  o.s.b.w.e.tomcat.GracefulShutdown - Commencing graceful shutdown. Waiting for active requests to complete
2025-08-22 18:10:17.402  [tomcat-shutdown] INFO  o.s.b.w.e.tomcat.GracefulShutdown - Graceful shutdown complete
2025-08-22 18:10:17.543  [SpringApplicationShutdownHook] INFO  o.s.o.j.LocalContainerEntityManagerFactoryBean - Closing JPA EntityManagerFactory for persistence unit 'default'
2025-08-22 18:10:17.546  [SpringApplicationShutdownHook] INFO  com.zaxxer.hikari.HikariDataSource - HikariPool-1 - Shutdown initiated...
2025-08-22 18:10:17.565  [SpringApplicationShutdownHook] INFO  com.zaxxer.hikari.HikariDataSource - HikariPool-1 - Shutdown completed.
2025-08-22 18:10:20.010  [background-preinit] INFO  o.h.validator.internal.util.Version - HV000001: Hibernate Validator 8.0.2.Final
2025-08-22 18:10:20.032  [main] INFO  c.example.mainserver.MainApplication - Starting MainApplication using Java 17.0.16 with PID 15850 (/Users/chyopriushy/Desktop/Project/KUNI_2thecore/back/main-server/build/classes/java/main started by chyopriushy in /Users/chyopriushy/Desktop/Project/KUNI_2thecore)
2025-08-22 18:10:20.033  [main] DEBUG c.example.mainserver.MainApplication - Running with Spring Boot v3.5.3, Spring v6.2.8
2025-08-22 18:10:20.033  [main] INFO  c.example.mainserver.MainApplication - No active profile set, falling back to 1 default profile: "default"
2025-08-22 18:10:20.450  [main] INFO  o.s.d.r.c.RepositoryConfigurationDelegate - Multiple Spring Data modules found, entering strict repository configuration mode
2025-08-22 18:10:20.450  [main] INFO  o.s.d.r.c.RepositoryConfigurationDelegate - Bootstrapping Spring Data JPA repositories in DEFAULT mode.
2025-08-22 18:10:20.530  [main] INFO  o.s.d.r.c.RepositoryConfigurationDelegate - Finished Spring Data repository scanning in 75 ms. Found 5 JPA repository interfaces.
2025-08-22 18:10:20.766  [main] INFO  o.s.d.r.c.RepositoryConfigurationDelegate - Multiple Spring Data modules found, entering strict repository configuration mode
2025-08-22 18:10:20.767  [main] INFO  o.s.d.r.c.RepositoryConfigurationDelegate - Bootstrapping Spring Data Redis repositories in DEFAULT mode.
2025-08-22 18:10:20.778  [main] INFO  o.s.d.r.c.RepositoryConfigurationExtensionSupport - Spring Data Redis - Could not safely identify store assignment for repository candidate interface com.example.mainserver.admin.infrastructure.AdminRepository; If you want this repository to be a Redis repository, consider annotating your entities with one of these annotations: org.springframework.data.redis.core.RedisHash (preferred), or consider extending one of the following types with your repository: org.springframework.data.keyvalue.repository.KeyValueRepository
2025-08-22 18:10:20.778  [main] INFO  o.s.d.r.c.RepositoryConfigurationExtensionSupport - Spring Data Redis - Could not safely identify store assignment for repository candidate interface com.example.mainserver.collector.infrastructure.GpsLogRepository; If you want this repository to be a Redis repository, consider annotating your entities with one of these annotations: org.springframework.data.redis.core.RedisHash (preferred), or consider extending one of the following types with your repository: org.springframework.data.keyvalue.repository.KeyValueRepository
2025-08-22 18:10:20.778  [main] INFO  o.s.d.r.c.RepositoryConfigurationExtensionSupport - Spring Data Redis - Could not safely identify store assignment for repository candidate interface com.example.mainserver.dashboard.infrastructure.DashboardRepository; If you want this repository to be a Redis repository, consider annotating your entities with one of these annotations: org.springframework.data.redis.core.RedisHash (preferred), or consider extending one of the following types with your repository: org.springframework.data.keyvalue.repository.KeyValueRepository
2025-08-22 18:10:20.778  [main] INFO  o.s.d.r.c.RepositoryConfigurationExtensionSupport - Spring Data Redis - Could not safely identify store assignment for repository candidate interface com.example.mainserver.drivelog.domain.DriveLogRepository; If you want this repository to be a Redis repository, consider annotating your entities with one of these annotations: org.springframework.data.redis.core.RedisHash (preferred), or consider extending one of the following types with your repository: org.springframework.data.keyvalue.repository.KeyValueRepository
2025-08-22 18:10:20.778  [main] INFO  o.s.d.r.c.RepositoryConfigurationDelegate - Finished Spring Data repository scanning in 7 ms. Found 0 Redis repository interfaces.
2025-08-22 18:10:21.077  [main] INFO  o.s.b.w.e.tomcat.TomcatWebServer - Tomcat initialized with port 8080 (http)
2025-08-22 18:10:21.083  [main] INFO  o.a.coyote.http11.Http11NioProtocol - Initializing ProtocolHandler ["http-nio-0.0.0.0-8080"]
2025-08-22 18:10:21.084  [main] INFO  o.a.catalina.core.StandardService - Starting service [Tomcat]
2025-08-22 18:10:21.084  [main] INFO  o.a.catalina.core.StandardEngine - Starting Servlet engine: [Apache Tomcat/10.1.42]
2025-08-22 18:10:21.116  [main] INFO  o.a.c.c.C.[Tomcat].[localhost].[/] - Initializing Spring embedded WebApplicationContext
2025-08-22 18:10:21.117  [main] INFO  o.s.b.w.s.c.ServletWebServerApplicationContext - Root WebApplicationContext: initialization completed in 1065 ms
2025-08-22 18:10:21.343  [main] DEBUG c.e.m.a.i.JwtAuthenticationFilter - Filter 'jwtAuthenticationFilter' configured for use
2025-08-22 18:10:21.404  [main] INFO  o.h.jpa.internal.util.LogHelper - HHH000204: Processing PersistenceUnitInfo [name: default]
2025-08-22 18:10:21.428  [main] INFO  org.hibernate.Version - HHH000412: Hibernate ORM core version 6.6.18.Final
2025-08-22 18:10:21.443  [main] INFO  o.h.c.i.RegionFactoryInitiator - HHH000026: Second-level cache disabled
2025-08-22 18:10:21.579  [main] INFO  o.s.o.j.p.SpringPersistenceUnitInfo - No LoadTimeWeaver setup: ignoring JPA class transformer
2025-08-22 18:10:21.593  [main] INFO  com.zaxxer.hikari.HikariDataSource - HikariPool-1 - Starting...
2025-08-22 18:10:21.850  [main] INFO  com.zaxxer.hikari.pool.HikariPool - HikariPool-1 - Added connection com.mysql.cj.jdbc.ConnectionImpl@662b199
2025-08-22 18:10:21.851  [main] INFO  com.zaxxer.hikari.HikariDataSource - HikariPool-1 - Start completed.
2025-08-22 18:10:21.911  [main] INFO  o.hibernate.orm.connections.pooling - HHH10001005: Database info:
	Database JDBC URL [Connecting through datasource 'HikariDataSource (HikariPool-1)']
	Database driver: undefined/unknown
	Database version: 8.0.42
	Autocommit mode: undefined/unknown
	Isolation level: undefined/unknown
	Minimum pool size: undefined/unknown
	Maximum pool size: undefined/unknown
2025-08-22 18:10:22.326  [main] INFO  o.h.e.t.j.p.i.JtaPlatformInitiator - HHH000489: No JTA platform available (set 'hibernate.transaction.jta.platform' to enable JTA platform integration)
2025-08-22 18:10:22.327  [main] INFO  o.s.o.j.LocalContainerEntityManagerFactoryBean - Initialized JPA EntityManagerFactory for persistence unit 'default'
2025-08-22 18:10:22.489  [main] INFO  o.s.s.c.a.a.c.InitializeUserDetailsBeanManagerConfigurer$InitializeUserDetailsManagerConfigurer - Global AuthenticationManager configured with UserDetailsService bean with name customUserDetailsService
2025-08-22 18:10:22.583  [main] INFO  o.s.d.j.r.query.QueryEnhancerFactory - Hibernate is in classpath; If applicable, HQL parser will be used.
2025-08-22 18:10:23.142  [main] WARN  o.s.b.a.o.j.JpaBaseConfiguration$JpaWebConfiguration - spring.jpa.open-in-view is enabled by default. Therefore, database queries may be performed during view rendering. Explicitly configure spring.jpa.open-in-view to disable this warning
2025-08-22 18:10:23.316  [main] INFO  o.s.b.a.e.web.EndpointLinksResolver - Exposing 3 endpoints beneath base path '/actuator'
2025-08-22 18:10:23.676  [main] INFO  o.a.coyote.http11.Http11NioProtocol - Starting ProtocolHandler ["http-nio-0.0.0.0-8080"]
2025-08-22 18:10:23.682  [main] INFO  o.s.b.w.e.tomcat.TomcatWebServer - Tomcat started on port 8080 (http) with context path '/'
2025-08-22 18:10:23.694  [main] INFO  c.example.mainserver.MainApplication - Started MainApplication in 3.886 seconds (process running for 4.142)
2025-08-22 18:10:23.768  [RMI TCP Connection(2)-127.0.0.1] INFO  o.s.a.r.c.CachingConnectionFactory - Attempting to connect to: [localhost:5672]
2025-08-22 18:10:23.769  [RMI TCP Connection(3)-127.0.0.1] INFO  o.a.c.c.C.[Tomcat].[localhost].[/] - Initializing Spring DispatcherServlet 'dispatcherServlet'
2025-08-22 18:10:23.769  [RMI TCP Connection(3)-127.0.0.1] INFO  o.s.web.servlet.DispatcherServlet - Initializing Servlet 'dispatcherServlet'
2025-08-22 18:10:23.770  [RMI TCP Connection(3)-127.0.0.1] INFO  o.s.web.servlet.DispatcherServlet - Completed initialization in 1 ms
2025-08-22 18:10:23.803  [RMI TCP Connection(2)-127.0.0.1] INFO  o.s.a.r.c.CachingConnectionFactory - Created new connection: rabbitConnectionFactory#5ada5fd3:0/SimpleConnection@7b0e92be [delegate=amqp://2thecore@127.0.0.1:5672/, localPort=52186]
2025-08-22 18:10:36.169  [http-nio-0.0.0.0-8080-exec-8] INFO  o.s.api.AbstractOpenApiResource - Init duration for springdoc-openapi is: 227 ms
2025-08-22 18:11:24.243  [http-nio-0.0.0.0-8080-exec-6] DEBUG c.e.m.a.i.JwtAuthenticationFilter - Request URI: /api/dashboard
2025-08-22 18:11:24.244  [http-nio-0.0.0.0-8080-exec-6] DEBUG c.e.m.a.i.JwtAuthenticationFilter - Authorization Header: Bearer eyJ0eXAiOiJKV1QiLCJhbGciOiJIUzI1NiJ9.eyJzdWIiOiJkZXYiLCJ0b2tlbl90eXBlIjoiYWNjZXNzIiwibG9naW5JZCI6ImRldiIsImlhdCI6MTc1NTg1Mzg0NiwiZXhwIjoxNzU1OTEzODQ2fQ.QrqUw-kJMA_CDlrARBotq1Z7v_wtTzI590spR7JLcTw
2025-08-22 18:11:24.246  [http-nio-0.0.0.0-8080-exec-6] DEBUG c.e.m.a.i.JwtAuthenticationFilter - Cookies: [jakarta.servlet.http.Cookie@959e7dae{refreshToken=eyJ0eXAiOiJKV1QiLCJhbGciOiJIUzI1NiJ9.eyJzdWIiOiJkZXYiLCJ0b2tlbl90eXBlIjoicmVmcmVzaCIsImxvZ2luSWQiOiJkZXYiLCJpYXQiOjE3NTU4NTM4NDYsImV4cCI6MTc1NjQ1ODY0Nn0.NPDSACGZoO1L5FXyX5nT-W6qrbwsjIIJxgY_RUZm8yg,null}, jakarta.servlet.http.Cookie@20d8c{m=,null}, jakarta.servlet.http.Cookie@aa7eaf7b{JSESSIONID=B35903BB97B21B2D322CF73AB9749DC7,null}]
2025-08-22 18:11:24.263  [http-nio-0.0.0.0-8080-exec-6] DEBUG c.e.m.a.i.JwtAuthenticationFilter - Access token 유효함
2025-08-22 18:11:24.269  [http-nio-0.0.0.0-8080-exec-6] DEBUG c.e.m.a.i.JwtAuthenticationFilter - Access token에서 loginId 추출: dev
2025-08-22 18:14:41.423  [SpringApplicationShutdownHook] INFO  o.s.b.w.e.tomcat.GracefulShutdown - Commencing graceful shutdown. Waiting for active requests to complete
2025-08-22 18:14:41.431  [tomcat-shutdown] INFO  o.s.b.w.e.tomcat.GracefulShutdown - Graceful shutdown complete
2025-08-22 18:14:41.573  [SpringApplicationShutdownHook] INFO  o.s.o.j.LocalContainerEntityManagerFactoryBean - Closing JPA EntityManagerFactory for persistence unit 'default'
2025-08-22 18:14:41.576  [SpringApplicationShutdownHook] INFO  com.zaxxer.hikari.HikariDataSource - HikariPool-1 - Shutdown initiated...
2025-08-22 18:14:41.587  [SpringApplicationShutdownHook] INFO  com.zaxxer.hikari.HikariDataSource - HikariPool-1 - Shutdown completed.
2025-08-22 18:14:44.101  [background-preinit] INFO  o.h.validator.internal.util.Version - HV000001: Hibernate Validator 8.0.2.Final
2025-08-22 18:14:44.121  [main] INFO  c.example.mainserver.MainApplication - Starting MainApplication using Java 17.0.16 with PID 15885 (/Users/chyopriushy/Desktop/Project/KUNI_2thecore/back/main-server/build/classes/java/main started by chyopriushy in /Users/chyopriushy/Desktop/Project/KUNI_2thecore)
2025-08-22 18:14:44.121  [main] DEBUG c.example.mainserver.MainApplication - Running with Spring Boot v3.5.3, Spring v6.2.8
2025-08-22 18:14:44.121  [main] INFO  c.example.mainserver.MainApplication - No active profile set, falling back to 1 default profile: "default"
2025-08-22 18:14:44.551  [main] INFO  o.s.d.r.c.RepositoryConfigurationDelegate - Multiple Spring Data modules found, entering strict repository configuration mode
2025-08-22 18:14:44.551  [main] INFO  o.s.d.r.c.RepositoryConfigurationDelegate - Bootstrapping Spring Data JPA repositories in DEFAULT mode.
2025-08-22 18:14:44.624  [main] INFO  o.s.d.r.c.RepositoryConfigurationDelegate - Finished Spring Data repository scanning in 68 ms. Found 5 JPA repository interfaces.
2025-08-22 18:14:44.862  [main] INFO  o.s.d.r.c.RepositoryConfigurationDelegate - Multiple Spring Data modules found, entering strict repository configuration mode
2025-08-22 18:14:44.862  [main] INFO  o.s.d.r.c.RepositoryConfigurationDelegate - Bootstrapping Spring Data Redis repositories in DEFAULT mode.
2025-08-22 18:14:44.873  [main] INFO  o.s.d.r.c.RepositoryConfigurationExtensionSupport - Spring Data Redis - Could not safely identify store assignment for repository candidate interface com.example.mainserver.admin.infrastructure.AdminRepository; If you want this repository to be a Redis repository, consider annotating your entities with one of these annotations: org.springframework.data.redis.core.RedisHash (preferred), or consider extending one of the following types with your repository: org.springframework.data.keyvalue.repository.KeyValueRepository
2025-08-22 18:14:44.873  [main] INFO  o.s.d.r.c.RepositoryConfigurationExtensionSupport - Spring Data Redis - Could not safely identify store assignment for repository candidate interface com.example.mainserver.collector.infrastructure.GpsLogRepository; If you want this repository to be a Redis repository, consider annotating your entities with one of these annotations: org.springframework.data.redis.core.RedisHash (preferred), or consider extending one of the following types with your repository: org.springframework.data.keyvalue.repository.KeyValueRepository
2025-08-22 18:14:44.873  [main] INFO  o.s.d.r.c.RepositoryConfigurationExtensionSupport - Spring Data Redis - Could not safely identify store assignment for repository candidate interface com.example.mainserver.dashboard.infrastructure.DashboardRepository; If you want this repository to be a Redis repository, consider annotating your entities with one of these annotations: org.springframework.data.redis.core.RedisHash (preferred), or consider extending one of the following types with your repository: org.springframework.data.keyvalue.repository.KeyValueRepository
2025-08-22 18:14:44.873  [main] INFO  o.s.d.r.c.RepositoryConfigurationExtensionSupport - Spring Data Redis - Could not safely identify store assignment for repository candidate interface com.example.mainserver.drivelog.domain.DriveLogRepository; If you want this repository to be a Redis repository, consider annotating your entities with one of these annotations: org.springframework.data.redis.core.RedisHash (preferred), or consider extending one of the following types with your repository: org.springframework.data.keyvalue.repository.KeyValueRepository
2025-08-22 18:14:44.874  [main] INFO  o.s.d.r.c.RepositoryConfigurationDelegate - Finished Spring Data repository scanning in 6 ms. Found 0 Redis repository interfaces.
2025-08-22 18:14:45.173  [main] INFO  o.s.b.w.e.tomcat.TomcatWebServer - Tomcat initialized with port 8080 (http)
2025-08-22 18:14:45.179  [main] INFO  o.a.coyote.http11.Http11NioProtocol - Initializing ProtocolHandler ["http-nio-0.0.0.0-8080"]
2025-08-22 18:14:45.180  [main] INFO  o.a.catalina.core.StandardService - Starting service [Tomcat]
2025-08-22 18:14:45.180  [main] INFO  o.a.catalina.core.StandardEngine - Starting Servlet engine: [Apache Tomcat/10.1.42]
2025-08-22 18:14:45.205  [main] INFO  o.a.c.c.C.[Tomcat].[localhost].[/] - Initializing Spring embedded WebApplicationContext
2025-08-22 18:14:45.205  [main] INFO  o.s.b.w.s.c.ServletWebServerApplicationContext - Root WebApplicationContext: initialization completed in 1063 ms
2025-08-22 18:14:45.424  [main] DEBUG c.e.m.a.i.JwtAuthenticationFilter - Filter 'jwtAuthenticationFilter' configured for use
2025-08-22 18:14:45.488  [main] INFO  o.h.jpa.internal.util.LogHelper - HHH000204: Processing PersistenceUnitInfo [name: default]
2025-08-22 18:14:45.511  [main] INFO  org.hibernate.Version - HHH000412: Hibernate ORM core version 6.6.18.Final
2025-08-22 18:14:45.525  [main] INFO  o.h.c.i.RegionFactoryInitiator - HHH000026: Second-level cache disabled
2025-08-22 18:14:45.664  [main] INFO  o.s.o.j.p.SpringPersistenceUnitInfo - No LoadTimeWeaver setup: ignoring JPA class transformer
2025-08-22 18:14:45.678  [main] INFO  com.zaxxer.hikari.HikariDataSource - HikariPool-1 - Starting...
2025-08-22 18:14:45.936  [main] INFO  com.zaxxer.hikari.pool.HikariPool - HikariPool-1 - Added connection com.mysql.cj.jdbc.ConnectionImpl@662b199
2025-08-22 18:14:45.937  [main] INFO  com.zaxxer.hikari.HikariDataSource - HikariPool-1 - Start completed.
2025-08-22 18:14:46.005  [main] INFO  o.hibernate.orm.connections.pooling - HHH10001005: Database info:
	Database JDBC URL [Connecting through datasource 'HikariDataSource (HikariPool-1)']
	Database driver: undefined/unknown
	Database version: 8.0.42
	Autocommit mode: undefined/unknown
	Isolation level: undefined/unknown
	Minimum pool size: undefined/unknown
	Maximum pool size: undefined/unknown
2025-08-22 18:14:46.433  [main] INFO  o.h.e.t.j.p.i.JtaPlatformInitiator - HHH000489: No JTA platform available (set 'hibernate.transaction.jta.platform' to enable JTA platform integration)
2025-08-22 18:14:46.434  [main] INFO  o.s.o.j.LocalContainerEntityManagerFactoryBean - Initialized JPA EntityManagerFactory for persistence unit 'default'
2025-08-22 18:14:46.601  [main] INFO  o.s.s.c.a.a.c.InitializeUserDetailsBeanManagerConfigurer$InitializeUserDetailsManagerConfigurer - Global AuthenticationManager configured with UserDetailsService bean with name customUserDetailsService
2025-08-22 18:14:46.697  [main] INFO  o.s.d.j.r.query.QueryEnhancerFactory - Hibernate is in classpath; If applicable, HQL parser will be used.
2025-08-22 18:14:47.280  [main] WARN  o.s.b.a.o.j.JpaBaseConfiguration$JpaWebConfiguration - spring.jpa.open-in-view is enabled by default. Therefore, database queries may be performed during view rendering. Explicitly configure spring.jpa.open-in-view to disable this warning
2025-08-22 18:14:47.453  [main] INFO  o.s.b.a.e.web.EndpointLinksResolver - Exposing 3 endpoints beneath base path '/actuator'
2025-08-22 18:14:47.817  [main] INFO  o.a.coyote.http11.Http11NioProtocol - Starting ProtocolHandler ["http-nio-0.0.0.0-8080"]
2025-08-22 18:14:47.824  [main] INFO  o.s.b.w.e.tomcat.TomcatWebServer - Tomcat started on port 8080 (http) with context path '/'
2025-08-22 18:14:47.835  [main] INFO  c.example.mainserver.MainApplication - Started MainApplication in 3.941 seconds (process running for 4.211)
2025-08-22 18:14:48.371  [RMI TCP Connection(2)-127.0.0.1] INFO  o.s.a.r.c.CachingConnectionFactory - Attempting to connect to: [localhost:5672]
2025-08-22 18:14:48.372  [RMI TCP Connection(4)-127.0.0.1] INFO  o.a.c.c.C.[Tomcat].[localhost].[/] - Initializing Spring DispatcherServlet 'dispatcherServlet'
2025-08-22 18:14:48.372  [RMI TCP Connection(4)-127.0.0.1] INFO  o.s.web.servlet.DispatcherServlet - Initializing Servlet 'dispatcherServlet'
2025-08-22 18:14:48.373  [RMI TCP Connection(4)-127.0.0.1] INFO  o.s.web.servlet.DispatcherServlet - Completed initialization in 1 ms
2025-08-22 18:14:48.405  [RMI TCP Connection(2)-127.0.0.1] INFO  o.s.a.r.c.CachingConnectionFactory - Created new connection: rabbitConnectionFactory#3cac962e:0/SimpleConnection@634f65fc [delegate=amqp://2thecore@127.0.0.1:5672/, localPort=52251]
2025-08-22 18:15:02.550  [http-nio-0.0.0.0-8080-exec-8] INFO  o.s.api.AbstractOpenApiResource - Init duration for springdoc-openapi is: 301 ms
2025-08-22 18:15:39.725  [http-nio-0.0.0.0-8080-exec-2] DEBUG c.e.m.a.i.JwtAuthenticationFilter - Request URI: /api/dashboard
2025-08-22 18:15:39.726  [http-nio-0.0.0.0-8080-exec-2] DEBUG c.e.m.a.i.JwtAuthenticationFilter - Authorization Header: Bearer eyJ0eXAiOiJKV1QiLCJhbGciOiJIUzI1NiJ9.eyJzdWIiOiJkZXYiLCJ0b2tlbl90eXBlIjoiYWNjZXNzIiwibG9naW5JZCI6ImRldiIsImlhdCI6MTc1NTg1NDExNywiZXhwIjoxNzU1OTE0MTE3fQ.FeCni6NJ-HypisIer5UtQv9BuwNxJri-dv_qt4uvDnk
2025-08-22 18:15:39.728  [http-nio-0.0.0.0-8080-exec-2] DEBUG c.e.m.a.i.JwtAuthenticationFilter - Cookies: [jakarta.servlet.http.Cookie@81dbff29{refreshToken=eyJ0eXAiOiJKV1QiLCJhbGciOiJIUzI1NiJ9.eyJzdWIiOiJkZXYiLCJ0b2tlbl90eXBlIjoicmVmcmVzaCIsImxvZ2luSWQiOiJkZXYiLCJpYXQiOjE3NTU4NTQxMTcsImV4cCI6MTc1NjQ1ODkxN30.dl-Wz91rWfZz0lwyWS3LRo8iqtq8byW1dm2XFmjk9_U,null}, jakarta.servlet.http.Cookie@20d8c{m=,null}, jakarta.servlet.http.Cookie@aa7eaf7b{JSESSIONID=B35903BB97B21B2D322CF73AB9749DC7,null}]
2025-08-22 18:15:39.744  [http-nio-0.0.0.0-8080-exec-2] DEBUG c.e.m.a.i.JwtAuthenticationFilter - Access token 유효함
2025-08-22 18:15:39.750  [http-nio-0.0.0.0-8080-exec-2] DEBUG c.e.m.a.i.JwtAuthenticationFilter - Access token에서 loginId 추출: dev
